{"/home/rcmaiolini/Dev/ercole-web/src/components/Filters.vue": {"path":"/home/rcmaiolini/Dev/ercole-web/src/components/Filters.vue","statementMap":{"0":{"start":{"line":168,"column":0},"end":{"line":168,"column":null}},"1":{"start":{"line":169,"column":0},"end":{"line":169,"column":null}},"2":{"start":{"line":170,"column":0},"end":{"line":170,"column":null}},"3":{"start":{"line":171,"column":0},"end":{"line":171,"column":null}},"4":{"start":{"line":172,"column":0},"end":{"line":172,"column":null}},"5":{"start":{"line":177,"column":0},"end":{"line":177,"column":null}},"6":{"start":{"line":194,"column":0},"end":{"line":194,"column":null}},"7":{"start":{"line":199,"column":0},"end":{"line":199,"column":null}},"8":{"start":{"line":201,"column":0},"end":{"line":203,"column":null}},"9":{"start":{"line":202,"column":0},"end":{"line":202,"column":null}},"10":{"start":{"line":230,"column":0},"end":{"line":230,"column":null}},"11":{"start":{"line":231,"column":0},"end":{"line":237,"column":null}},"12":{"start":{"line":232,"column":0},"end":{"line":232,"column":null}},"13":{"start":{"line":233,"column":0},"end":{"line":233,"column":null}},"14":{"start":{"line":235,"column":0},"end":{"line":235,"column":null}},"15":{"start":{"line":236,"column":0},"end":{"line":236,"column":null}},"16":{"start":{"line":240,"column":0},"end":{"line":240,"column":null}},"17":{"start":{"line":241,"column":0},"end":{"line":241,"column":null}},"18":{"start":{"line":245,"column":0},"end":{"line":245,"column":null}},"19":{"start":{"line":248,"column":0},"end":{"line":248,"column":null}},"20":{"start":{"line":253,"column":0},"end":{"line":253,"column":null}},"21":{"start":{"line":257,"column":0},"end":{"line":257,"column":null}},"22":{"start":{"line":260,"column":0},"end":{"line":260,"column":null}},"23":{"start":{"line":262,"column":0},"end":{"line":262,"column":null}},"24":{"start":{"line":264,"column":0},"end":{"line":264,"column":null}},"25":{"start":{"line":265,"column":0},"end":{"line":265,"column":null}},"26":{"start":{"line":267,"column":0},"end":{"line":267,"column":null}},"27":{"start":{"line":268,"column":0},"end":{"line":268,"column":null}},"28":{"start":{"line":270,"column":0},"end":{"line":270,"column":null}},"29":{"start":{"line":271,"column":0},"end":{"line":271,"column":null}},"30":{"start":{"line":273,"column":0},"end":{"line":273,"column":null}},"31":{"start":{"line":274,"column":0},"end":{"line":274,"column":null}},"32":{"start":{"line":276,"column":0},"end":{"line":276,"column":null}},"33":{"start":{"line":277,"column":0},"end":{"line":277,"column":null}},"34":{"start":{"line":279,"column":0},"end":{"line":279,"column":null}},"35":{"start":{"line":280,"column":0},"end":{"line":280,"column":null}},"36":{"start":{"line":282,"column":0},"end":{"line":282,"column":null}},"37":{"start":{"line":283,"column":0},"end":{"line":283,"column":null}},"38":{"start":{"line":285,"column":0},"end":{"line":285,"column":null}},"39":{"start":{"line":286,"column":0},"end":{"line":286,"column":null}},"40":{"start":{"line":288,"column":0},"end":{"line":288,"column":null}},"41":{"start":{"line":289,"column":0},"end":{"line":289,"column":null}},"42":{"start":{"line":291,"column":0},"end":{"line":291,"column":null}},"43":{"start":{"line":292,"column":0},"end":{"line":292,"column":null}},"44":{"start":{"line":294,"column":0},"end":{"line":294,"column":null}},"45":{"start":{"line":295,"column":0},"end":{"line":295,"column":null}},"46":{"start":{"line":297,"column":0},"end":{"line":297,"column":null}},"47":{"start":{"line":301,"column":0},"end":{"line":301,"column":null}},"48":{"start":{"line":310,"column":0},"end":{"line":314,"column":null}},"49":{"start":{"line":311,"column":0},"end":{"line":311,"column":null}},"50":{"start":{"line":313,"column":0},"end":{"line":313,"column":null}}},"fnMap":{"0":{"name":"(anonymous_1)","decl":{"start":{"line":176,"column":0},"end":{"line":176,"column":null}},"loc":{"start":{"line":176,"column":0},"end":{"line":192,"column":null}}},"1":{"name":"(anonymous_2)","decl":{"start":{"line":193,"column":0},"end":{"line":193,"column":null}},"loc":{"start":{"line":193,"column":0},"end":{"line":204,"column":null}}},"2":{"name":"(anonymous_3)","decl":{"start":{"line":201,"column":0},"end":{"line":201,"column":null}},"loc":{"start":{"line":201,"column":0},"end":{"line":203,"column":null}}},"3":{"name":"(anonymous_4)","decl":{"start":{"line":229,"column":0},"end":{"line":229,"column":null}},"loc":{"start":{"line":229,"column":0},"end":{"line":238,"column":null}}},"4":{"name":"(anonymous_5)","decl":{"start":{"line":239,"column":0},"end":{"line":239,"column":null}},"loc":{"start":{"line":239,"column":0},"end":{"line":246,"column":null}}},"5":{"name":"(anonymous_6)","decl":{"start":{"line":247,"column":0},"end":{"line":247,"column":null}},"loc":{"start":{"line":247,"column":0},"end":{"line":258,"column":null}}},"6":{"name":"(anonymous_7)","decl":{"start":{"line":259,"column":0},"end":{"line":259,"column":null}},"loc":{"start":{"line":259,"column":0},"end":{"line":299,"column":null}}},"7":{"name":"(anonymous_8)","decl":{"start":{"line":300,"column":0},"end":{"line":300,"column":null}},"loc":{"start":{"line":300,"column":0},"end":{"line":302,"column":null}}},"8":{"name":"(anonymous_9)","decl":{"start":{"line":309,"column":0},"end":{"line":309,"column":null}},"loc":{"start":{"line":309,"column":0},"end":{"line":315,"column":null}}}},"branchMap":{"0":{"loc":{"start":{"line":231,"column":0},"end":{"line":237,"column":null}},"type":"if","locations":[{"start":{"line":231,"column":0},"end":{"line":237,"column":null}},{"start":{"line":231,"column":0},"end":{"line":237,"column":null}}]},"1":{"loc":{"start":{"line":263,"column":0},"end":{"line":265,"column":null}},"type":"switch","locations":[{"start":{"line":263,"column":0},"end":{"line":265,"column":null}},{"start":{"line":266,"column":0},"end":{"line":268,"column":null}},{"start":{"line":269,"column":0},"end":{"line":271,"column":null}},{"start":{"line":272,"column":0},"end":{"line":274,"column":null}},{"start":{"line":275,"column":0},"end":{"line":277,"column":null}},{"start":{"line":278,"column":0},"end":{"line":280,"column":null}},{"start":{"line":281,"column":0},"end":{"line":283,"column":null}},{"start":{"line":284,"column":0},"end":{"line":286,"column":null}},{"start":{"line":287,"column":0},"end":{"line":289,"column":null}},{"start":{"line":290,"column":0},"end":{"line":292,"column":null}},{"start":{"line":293,"column":0},"end":{"line":295,"column":null}},{"start":{"line":296,"column":0},"end":{"line":297,"column":null}}]},"2":{"loc":{"start":{"line":310,"column":0},"end":{"line":314,"column":null}},"type":"if","locations":[{"start":{"line":310,"column":0},"end":{"line":314,"column":null}},{"start":{"line":310,"column":0},"end":{"line":314,"column":null}}]}},"s":{"0":1,"1":1,"2":1,"3":1,"4":1,"5":0,"6":0,"7":0,"8":0,"9":0,"10":0,"11":0,"12":0,"13":0,"14":0,"15":0,"16":0,"17":0,"18":0,"19":0,"20":0,"21":0,"22":0,"23":0,"24":0,"25":0,"26":0,"27":0,"28":0,"29":0,"30":0,"31":0,"32":0,"33":0,"34":0,"35":0,"36":0,"37":0,"38":0,"39":0,"40":0,"41":0,"42":0,"43":0,"44":0,"45":0,"46":0,"47":0,"48":0,"49":0,"50":0},"f":{"0":0,"1":0,"2":0,"3":0,"4":0,"5":0,"6":0,"7":0,"8":0},"b":{"0":[0,0],"1":[0,0,0,0,0,0,0,0,0,0,0,0],"2":[0,0]}}
,"/home/rcmaiolini/Dev/ercole-web/src/components/Main.vue": {"path":"/home/rcmaiolini/Dev/ercole-web/src/components/Main.vue","statementMap":{"0":{"start":{"line":16,"column":0},"end":{"line":16,"column":null}}},"fnMap":{},"branchMap":{},"s":{"0":1},"f":{},"b":{}}
,"/home/rcmaiolini/Dev/ercole-web/src/components/common/Breadcrumb.vue": {"path":"/home/rcmaiolini/Dev/ercole-web/src/components/common/Breadcrumb.vue","statementMap":{"0":{"start":{"line":27,"column":0},"end":{"line":27,"column":null}},"1":{"start":{"line":33,"column":0},"end":{"line":35,"column":null}},"2":{"start":{"line":34,"column":0},"end":{"line":34,"column":null}},"3":{"start":{"line":40,"column":0},"end":{"line":40,"column":null}}},"fnMap":{"0":{"name":"(anonymous_1)","decl":{"start":{"line":32,"column":0},"end":{"line":32,"column":null}},"loc":{"start":{"line":32,"column":0},"end":{"line":36,"column":null}}},"1":{"name":"(anonymous_2)","decl":{"start":{"line":39,"column":0},"end":{"line":39,"column":null}},"loc":{"start":{"line":39,"column":0},"end":{"line":41,"column":null}}}},"branchMap":{"0":{"loc":{"start":{"line":33,"column":0},"end":{"line":35,"column":null}},"type":"if","locations":[{"start":{"line":33,"column":0},"end":{"line":35,"column":null}},{"start":{"line":33,"column":0},"end":{"line":35,"column":null}}]}},"s":{"0":1,"1":0,"2":0,"3":0},"f":{"0":0,"1":0},"b":{"0":[0,0]}}
,"/home/rcmaiolini/Dev/ercole-web/src/components/dashboard/TotalTargets.vue": {"path":"/home/rcmaiolini/Dev/ercole-web/src/components/dashboard/TotalTargets.vue","statementMap":{"0":{"start":{"line":33,"column":0},"end":{"line":33,"column":null}},"1":{"start":{"line":34,"column":0},"end":{"line":34,"column":null}},"2":{"start":{"line":35,"column":0},"end":{"line":35,"column":null}},"3":{"start":{"line":43,"column":0},"end":{"line":43,"column":null}},"4":{"start":{"line":48,"column":0},"end":{"line":48,"column":null}}},"fnMap":{"0":{"name":"(anonymous_1)","decl":{"start":{"line":42,"column":0},"end":{"line":42,"column":null}},"loc":{"start":{"line":42,"column":0},"end":{"line":46,"column":null}}},"1":{"name":"(anonymous_2)","decl":{"start":{"line":47,"column":0},"end":{"line":47,"column":null}},"loc":{"start":{"line":47,"column":0},"end":{"line":49,"column":null}}}},"branchMap":{},"s":{"0":0,"1":0,"2":0,"3":0,"4":0},"f":{"0":0,"1":0},"b":{}}
,"/home/rcmaiolini/Dev/ercole-web/src/components/dashboard/technologies/Technologies.vue": {"path":"/home/rcmaiolini/Dev/ercole-web/src/components/dashboard/technologies/Technologies.vue","statementMap":{"0":{"start":{"line":8,"column":0},"end":{"line":8,"column":null}},"1":{"start":{"line":9,"column":0},"end":{"line":9,"column":null}},"2":{"start":{"line":10,"column":0},"end":{"line":10,"column":null}}},"fnMap":{},"branchMap":{},"s":{"0":0,"1":0,"2":0},"f":{},"b":{}}
,"/home/rcmaiolini/Dev/ercole-web/src/components/login/errorMsg.vue": {"path":"/home/rcmaiolini/Dev/ercole-web/src/components/login/errorMsg.vue","statementMap":{"0":{"start":{"line":8,"column":0},"end":{"line":8,"column":null}}},"fnMap":{},"branchMap":{},"s":{"0":3},"f":{},"b":{}}
,"/home/rcmaiolini/Dev/ercole-web/src/components/login/form.vue": {"path":"/home/rcmaiolini/Dev/ercole-web/src/components/login/form.vue","statementMap":{"0":{"start":{"line":72,"column":0},"end":{"line":72,"column":null}},"1":{"start":{"line":73,"column":0},"end":{"line":73,"column":null}},"2":{"start":{"line":74,"column":0},"end":{"line":74,"column":null}},"3":{"start":{"line":81,"column":0},"end":{"line":81,"column":null}}},"fnMap":{"0":{"name":"(anonymous_1)","decl":{"start":{"line":80,"column":0},"end":{"line":80,"column":null}},"loc":{"start":{"line":80,"column":0},"end":{"line":85,"column":null}}}},"branchMap":{},"s":{"0":2,"1":2,"2":2,"3":5},"f":{"0":5},"b":{}}
,"/home/rcmaiolini/Dev/ercole-web/src/layouts/Default.vue": {"path":"/home/rcmaiolini/Dev/ercole-web/src/layouts/Default.vue","statementMap":{"0":{"start":{"line":19,"column":0},"end":{"line":19,"column":null}},"1":{"start":{"line":20,"column":0},"end":{"line":20,"column":null}},"2":{"start":{"line":21,"column":0},"end":{"line":21,"column":null}},"3":{"start":{"line":22,"column":0},"end":{"line":22,"column":null}},"4":{"start":{"line":23,"column":0},"end":{"line":23,"column":null}},"5":{"start":{"line":24,"column":0},"end":{"line":24,"column":null}},"6":{"start":{"line":36,"column":0},"end":{"line":36,"column":null}},"7":{"start":{"line":42,"column":0},"end":{"line":42,"column":null}}},"fnMap":{"0":{"name":"(anonymous_1)","decl":{"start":{"line":35,"column":0},"end":{"line":35,"column":null}},"loc":{"start":{"line":35,"column":0},"end":{"line":39,"column":null}}},"1":{"name":"(anonymous_2)","decl":{"start":{"line":41,"column":0},"end":{"line":41,"column":null}},"loc":{"start":{"line":41,"column":0},"end":{"line":43,"column":null}}}},"branchMap":{},"s":{"0":1,"1":1,"2":1,"3":1,"4":1,"5":1,"6":3,"7":0},"f":{"0":3,"1":0},"b":{}}
,"/home/rcmaiolini/Dev/ercole-web/src/views/Dashboard.vue": {"path":"/home/rcmaiolini/Dev/ercole-web/src/views/Dashboard.vue","statementMap":{"0":{"start":{"line":31,"column":0},"end":{"line":31,"column":null}},"1":{"start":{"line":32,"column":0},"end":{"line":32,"column":null}},"2":{"start":{"line":33,"column":0},"end":{"line":33,"column":null}},"3":{"start":{"line":36,"column":0},"end":{"line":36,"column":null}},"4":{"start":{"line":47,"column":0},"end":{"line":47,"column":null}}},"fnMap":{"0":{"name":"(anonymous_1)","decl":{"start":{"line":46,"column":0},"end":{"line":46,"column":null}},"loc":{"start":{"line":46,"column":0},"end":{"line":48,"column":null}}}},"branchMap":{},"s":{"0":0,"1":0,"2":0,"3":0,"4":0},"f":{"0":0},"b":{}}
}
