TN:
SF:/home/rcmaiolini/Dev/sorint/ercole-web-2/src/App.vue
FN:21,(anonymous_1)
FN:31,(anonymous_2)
FNF:2
FNH:0
FNDA:0,(anonymous_1)
FNDA:0,(anonymous_2)
DA:17,0
DA:18,0
DA:22,0
DA:32,0
LF:4
LH:0
BRDA:32,0,0,0
BRDA:32,0,1,0
BRF:2
BRH:0
end_of_record
TN:
SF:/home/rcmaiolini/Dev/sorint/ercole-web-2/src/i18n.js
FN:8,loadLocaleMessages
FN:15,(anonymous_1)
FN:25,getStartingLocale
FNF:3
FNH:0
FNDA:0,loadLocaleMessages
FNDA:0,(anonymous_1)
FNDA:0,getStartingLocale
DA:6,0
DA:9,0
DA:14,0
DA:15,0
DA:16,0
DA:17,0
DA:18,0
DA:19,0
DA:22,0
DA:26,0
DA:28,0
DA:29,0
DA:31,0
LF:13
LH:0
BRDA:17,0,0,0
BRDA:17,0,1,0
BRDA:17,1,0,0
BRDA:17,1,1,0
BRDA:28,2,0,0
BRDA:28,2,1,0
BRDA:31,3,0,0
BRDA:31,3,1,0
BRDA:37,4,0,0
BRDA:37,4,1,0
BRF:10
BRH:0
end_of_record
TN:
SF:/home/rcmaiolini/Dev/sorint/ercole-web-2/src/axios/axios-auth.js
FN:6,(anonymous_0)
FNF:1
FNH:0
FNDA:0,(anonymous_0)
DA:4,5
DA:6,5
DA:7,0
DA:8,0
DA:9,0
LF:5
LH:2
BRF:0
BRH:0
end_of_record
TN:
SF:/home/rcmaiolini/Dev/sorint/ercole-web-2/src/axios/axios-chart-no-loading.js
FN:7,(anonymous_0)
FN:16,(anonymous_1)
FNF:2
FNH:0
FNDA:0,(anonymous_0)
FNDA:0,(anonymous_1)
DA:5,0
DA:7,0
DA:8,0
DA:10,0
DA:11,0
DA:13,0
DA:16,0
DA:17,0
LF:8
LH:0
BRF:0
BRH:0
end_of_record
TN:
SF:/home/rcmaiolini/Dev/sorint/ercole-web-2/src/axios/axios-chart.js
FN:7,(anonymous_0)
FN:17,(anonymous_1)
FNF:2
FNH:0
FNDA:0,(anonymous_0)
FNDA:0,(anonymous_1)
DA:5,5
DA:7,5
DA:8,0
DA:10,0
DA:11,0
DA:13,0
DA:14,0
DA:17,5
DA:18,0
DA:19,0
LF:10
LH:3
BRF:0
BRH:0
end_of_record
TN:
SF:/home/rcmaiolini/Dev/sorint/ercole-web-2/src/axios/axios-default.js
FN:7,(anonymous_0)
FN:17,(anonymous_1)
FNF:2
FNH:0
FNDA:0,(anonymous_0)
FNDA:0,(anonymous_1)
DA:5,5
DA:7,5
DA:8,0
DA:10,0
DA:11,0
DA:13,0
DA:14,0
DA:17,5
DA:18,0
DA:19,0
LF:10
LH:3
BRF:0
BRH:0
end_of_record
TN:
SF:/home/rcmaiolini/Dev/sorint/ercole-web-2/src/axios/axios-no-loading.js
FN:7,(anonymous_0)
FN:16,(anonymous_1)
FNF:2
FNH:0
FNDA:0,(anonymous_0)
FNDA:0,(anonymous_1)
DA:5,5
DA:7,5
DA:8,0
DA:10,0
DA:11,0
DA:13,0
DA:16,5
DA:17,0
LF:8
LH:3
BRF:0
BRH:0
end_of_record
TN:
SF:/home/rcmaiolini/Dev/sorint/ercole-web-2/src/axios/axios-noauth.js
FN:6,(anonymous_0)
FNF:1
FNH:0
FNDA:0,(anonymous_0)
DA:4,5
DA:6,5
DA:7,0
DA:8,0
LF:4
LH:2
BRF:0
BRH:0
end_of_record
TN:
SF:/home/rcmaiolini/Dev/sorint/ercole-web-2/src/components/Filters.vue
FN:223,(anonymous_1)
FN:240,(anonymous_2)
FN:250,(anonymous_3)
FN:284,(anonymous_4)
FN:293,(anonymous_5)
FN:303,(anonymous_6)
FN:315,(anonymous_7)
FN:359,(anonymous_8)
FNF:8
FNH:0
FNDA:0,(anonymous_1)
FNDA:0,(anonymous_2)
FNDA:0,(anonymous_3)
FNDA:0,(anonymous_4)
FNDA:0,(anonymous_5)
FNDA:0,(anonymous_6)
FNDA:0,(anonymous_7)
FNDA:0,(anonymous_8)
DA:215,1
DA:216,1
DA:217,1
DA:218,1
DA:219,1
DA:224,0
DA:241,0
DA:248,0
DA:250,0
DA:251,0
DA:285,0
DA:286,0
DA:287,0
DA:289,0
DA:291,0
DA:294,0
DA:297,0
DA:301,0
DA:304,0
DA:309,0
DA:313,0
DA:316,0
DA:318,0
DA:320,0
DA:321,0
DA:323,0
DA:324,0
DA:326,0
DA:327,0
DA:329,0
DA:330,0
DA:332,0
DA:333,0
DA:335,0
DA:336,0
DA:338,0
DA:339,0
DA:341,0
DA:342,0
DA:344,0
DA:345,0
DA:347,0
DA:348,0
DA:350,0
DA:351,0
DA:353,0
DA:354,0
DA:356,0
DA:360,0
LF:49
LH:5
BRDA:244,0,0,0
BRDA:244,0,1,0
BRDA:286,1,0,0
BRDA:286,1,1,0
BRDA:294,2,0,0
BRDA:294,2,1,0
BRDA:319,3,0,0
BRDA:319,3,1,0
BRDA:319,3,2,0
BRDA:319,3,3,0
BRDA:319,3,4,0
BRDA:319,3,5,0
BRDA:319,3,6,0
BRDA:319,3,7,0
BRDA:319,3,8,0
BRDA:319,3,9,0
BRDA:319,3,10,0
BRDA:319,3,11,0
BRDA:319,3,12,0
BRF:19
BRH:0
end_of_record
TN:
SF:/home/rcmaiolini/Dev/sorint/ercole-web-2/src/components/Footer.vue
FN:13,(anonymous_1)
FNF:1
FNH:1
FNDA:3,(anonymous_1)
DA:14,3
LF:1
LH:1
BRF:0
BRH:0
end_of_record
TN:
SF:/home/rcmaiolini/Dev/sorint/ercole-web-2/src/components/HbuttonScroll.vue
FN:43,(anonymous_1)
FN:48,(anonymous_2)
FN:51,(anonymous_3)
FN:54,(anonymous_4)
FN:55,(anonymous_5)
FN:60,(anonymous_6)
FN:71,(anonymous_7)
FNF:7
FNH:0
FNDA:0,(anonymous_1)
FNDA:0,(anonymous_2)
FNDA:0,(anonymous_3)
FNDA:0,(anonymous_4)
FNDA:0,(anonymous_5)
FNDA:0,(anonymous_6)
FNDA:0,(anonymous_7)
DA:44,0
DA:49,0
DA:52,0
DA:55,0
DA:56,0
DA:61,0
DA:65,0
DA:66,0
DA:68,0
DA:72,0
DA:75,0
DA:76,0
LF:12
LH:0
BRDA:61,0,0,0
BRDA:61,0,1,0
BRDA:65,1,0,0
BRDA:65,1,1,0
BRDA:72,2,0,0
BRDA:72,2,1,0
BRDA:75,3,0,0
BRDA:75,3,1,0
BRF:8
BRH:0
end_of_record
TN:
SF:/home/rcmaiolini/Dev/sorint/ercole-web-2/src/components/Header.vue
FN:63,(anonymous_1)
FN:66,(anonymous_2)
FNF:2
FNH:2
FNDA:3,(anonymous_1)
FNDA:3,(anonymous_2)
DA:43,2
DA:44,2
DA:45,2
DA:47,2
DA:64,3
DA:67,3
LF:6
LH:6
BRF:0
BRH:0
end_of_record
TN:
SF:/home/rcmaiolini/Dev/sorint/ercole-web-2/src/components/LocaleSwitcher.vue
FN:15,(anonymous_1)
FN:20,(anonymous_2)
FN:27,(anonymous_3)
FNF:3
FNH:0
FNDA:0,(anonymous_1)
FNDA:0,(anonymous_2)
FNDA:0,(anonymous_3)
DA:12,2
DA:16,0
DA:21,0
DA:22,0
DA:23,0
DA:28,0
LF:6
LH:1
BRDA:22,0,0,0
BRDA:22,0,1,0
BRF:2
BRH:0
end_of_record
TN:
SF:/home/rcmaiolini/Dev/sorint/ercole-web-2/src/components/Main.vue
FNF:0
FNH:0
DA:16,1
LF:1
LH:1
BRF:0
BRH:0
end_of_record
TN:
SF:/home/rcmaiolini/Dev/sorint/ercole-web-2/src/components/Sidebar.vue
FN:25,(anonymous_1)
FN:142,(anonymous_2)
FNF:2
FNH:2
FNDA:3,(anonymous_1)
FNDA:1,(anonymous_2)
DA:18,2
DA:26,3
DA:143,1
LF:3
LH:3
BRF:0
BRH:0
end_of_record
TN:
SF:/home/rcmaiolini/Dev/sorint/ercole-web-2/src/components/alerts/AlertsFilters.vue
FN:88,(anonymous_1)
FN:100,(anonymous_2)
FN:112,(anonymous_3)
FN:113,(anonymous_4)
FN:114,(anonymous_5)
FN:121,(anonymous_6)
FN:126,(anonymous_7)
FN:140,(anonymous_8)
FN:149,(anonymous_9)
FN:151,(anonymous_10)
FN:157,(anonymous_11)
FN:159,(anonymous_12)
FN:164,(anonymous_13)
FN:166,(anonymous_14)
FN:172,(anonymous_15)
FNF:15
FNH:0
FNDA:0,(anonymous_1)
FNDA:0,(anonymous_2)
FNDA:0,(anonymous_3)
FNDA:0,(anonymous_4)
FNDA:0,(anonymous_5)
FNDA:0,(anonymous_6)
FNDA:0,(anonymous_7)
FNDA:0,(anonymous_8)
FNDA:0,(anonymous_9)
FNDA:0,(anonymous_10)
FNDA:0,(anonymous_11)
FNDA:0,(anonymous_12)
FNDA:0,(anonymous_13)
FNDA:0,(anonymous_14)
FNDA:0,(anonymous_15)
DA:80,0
DA:81,0
DA:82,0
DA:83,0
DA:84,0
DA:89,0
DA:101,0
DA:103,0
DA:108,0
DA:113,0
DA:114,0
DA:120,0
DA:121,0
DA:127,0
DA:128,0
DA:129,0
DA:133,0
DA:138,0
DA:141,0
DA:150,0
DA:151,0
DA:152,0
DA:153,0
DA:158,0
DA:159,0
DA:160,0
DA:165,0
DA:166,0
DA:167,0
DA:173,0
DA:174,0
LF:31
LH:0
BRDA:150,0,0,0
BRDA:150,0,1,0
BRDA:158,1,0,0
BRDA:158,1,1,0
BRDA:165,2,0,0
BRDA:165,2,1,0
BRF:6
BRH:0
end_of_record
TN:
SF:/home/rcmaiolini/Dev/sorint/ercole-web-2/src/components/common/AdvancedFiltersBase.vue
FN:53,(anonymous_1)
FN:58,(anonymous_2)
FN:63,(anonymous_3)
FNF:3
FNH:0
FNDA:0,(anonymous_1)
FNDA:0,(anonymous_2)
FNDA:0,(anonymous_3)
DA:18,0
DA:19,0
DA:54,0
DA:59,0
DA:64,0
LF:5
LH:0
BRDA:54,0,0,0
BRDA:54,0,1,0
BRDA:59,1,0,0
BRDA:59,1,1,0
BRDA:64,2,0,0
BRDA:64,2,1,0
BRF:6
BRH:0
end_of_record
TN:
SF:/home/rcmaiolini/Dev/sorint/ercole-web-2/src/components/common/BaseLayoutColumns.vue
FN:19,(anonymous_1)
FNF:1
FNH:0
FNDA:0,(anonymous_1)
DA:19,0
LF:1
LH:0
BRF:0
BRH:0
end_of_record
TN:
SF:/home/rcmaiolini/Dev/sorint/ercole-web-2/src/components/common/Breadcrumb.vue
FN:48,(anonymous_1)
FN:55,(anonymous_2)
FNF:2
FNH:0
FNDA:0,(anonymous_1)
FNDA:0,(anonymous_2)
DA:38,1
DA:39,1
DA:40,1
DA:49,0
DA:50,0
DA:56,0
LF:6
LH:3
BRDA:49,0,0,0
BRDA:49,0,1,0
BRF:2
BRH:0
end_of_record
TN:
SF:/home/rcmaiolini/Dev/sorint/ercole-web-2/src/components/common/CardList.vue
FN:44,(anonymous_1)
FN:48,(anonymous_2)
FNF:2
FNH:0
FNDA:0,(anonymous_1)
FNDA:0,(anonymous_2)
DA:32,0
DA:33,0
DA:44,0
DA:49,0
LF:4
LH:0
BRF:0
BRH:0
end_of_record
TN:
SF:/home/rcmaiolini/Dev/sorint/ercole-web-2/src/components/common/Drawer.vue
FN:32,(anonymous_1)
FN:37,(anonymous_2)
FN:38,(anonymous_3)
FN:52,(anonymous_4)
FNF:4
FNH:0
FNDA:0,(anonymous_1)
FNDA:0,(anonymous_2)
FNDA:0,(anonymous_3)
FNDA:0,(anonymous_4)
DA:28,0
DA:29,0
DA:33,0
DA:38,0
DA:39,0
DA:40,0
DA:42,0
DA:45,0
DA:46,0
DA:53,0
DA:54,0
DA:55,0
LF:12
LH:0
BRDA:39,0,0,0
BRDA:39,0,1,0
BRDA:39,1,0,0
BRDA:39,1,1,0
BRDA:45,2,0,0
BRDA:45,2,1,0
BRF:6
BRH:0
end_of_record
TN:
SF:/home/rcmaiolini/Dev/sorint/ercole-web-2/src/components/common/DrawerButton.vue
FN:26,(anonymous_1)
FN:31,(anonymous_2)
FN:32,(anonymous_3)
FN:37,(anonymous_4)
FNF:4
FNH:0
FNDA:0,(anonymous_1)
FNDA:0,(anonymous_2)
FNDA:0,(anonymous_3)
FNDA:0,(anonymous_4)
DA:15,0
DA:16,0
DA:27,0
DA:32,0
DA:33,0
DA:38,0
DA:39,0
LF:7
LH:0
BRF:0
BRH:0
end_of_record
TN:
SF:/home/rcmaiolini/Dev/sorint/ercole-web-2/src/components/common/DrawerFilters.vue
FNF:0
FNH:0
DA:10,0
DA:11,0
LF:2
LH:0
BRF:0
BRH:0
end_of_record
TN:
SF:/home/rcmaiolini/Dev/sorint/ercole-web-2/src/components/common/FastChange.vue
FN:42,(anonymous_1)
FN:50,(anonymous_2)
FN:68,(anonymous_3)
FN:69,(anonymous_4)
FN:76,(anonymous_5)
FN:79,(anonymous_6)
FN:81,(anonymous_7)
FN:85,(anonymous_8)
FN:86,(anonymous_9)
FN:97,(anonymous_10)
FN:99,(anonymous_11)
FNF:11
FNH:0
FNDA:0,(anonymous_1)
FNDA:0,(anonymous_2)
FNDA:0,(anonymous_3)
FNDA:0,(anonymous_4)
FNDA:0,(anonymous_5)
FNDA:0,(anonymous_6)
FNDA:0,(anonymous_7)
FNDA:0,(anonymous_8)
FNDA:0,(anonymous_9)
FNDA:0,(anonymous_10)
FNDA:0,(anonymous_11)
DA:24,1
DA:25,1
DA:26,1
DA:43,0
DA:51,0
DA:52,0
DA:53,0
DA:57,0
DA:58,0
DA:64,0
DA:65,0
DA:69,0
DA:70,0
DA:77,0
DA:78,0
DA:79,0
DA:80,0
DA:81,0
DA:83,0
DA:86,0
DA:87,0
DA:98,0
DA:99,0
DA:100,0
LF:24
LH:3
BRDA:51,0,0,0
BRDA:51,0,1,0
BRDA:51,1,0,0
BRDA:51,1,1,0
BRDA:52,2,0,0
BRDA:52,2,1,0
BRDA:57,3,0,0
BRDA:57,3,1,0
BRDA:78,4,0,0
BRDA:78,4,1,0
BRDA:80,5,0,0
BRDA:80,5,1,0
BRDA:98,6,0,0
BRDA:98,6,1,0
BRF:14
BRH:0
end_of_record
TN:
SF:/home/rcmaiolini/Dev/sorint/ercole-web-2/src/components/common/PageTitle.vue
FN:18,(anonymous_1)
FNF:1
FNH:0
FNDA:0,(anonymous_1)
DA:13,0
DA:19,0
LF:2
LH:0
BRDA:19,0,0,0
BRDA:19,0,1,0
BRF:2
BRH:0
end_of_record
TN:
SF:/home/rcmaiolini/Dev/sorint/ercole-web-2/src/components/common/SearchInput.vue
FN:36,(anonymous_1)
FN:39,(anonymous_2)
FN:44,(anonymous_3)
FN:49,(anonymous_4)
FN:53,(anonymous_5)
FN:59,(anonymous_6)
FNF:6
FNH:0
FNDA:0,(anonymous_1)
FNDA:0,(anonymous_2)
FNDA:0,(anonymous_3)
FNDA:0,(anonymous_4)
FNDA:0,(anonymous_5)
FNDA:0,(anonymous_6)
DA:17,0
DA:40,0
DA:45,0
DA:46,0
DA:50,0
DA:51,0
DA:54,0
DA:55,0
DA:60,0
DA:61,0
DA:63,0
LF:11
LH:0
BRDA:60,0,0,0
BRDA:60,0,1,0
BRF:2
BRH:0
end_of_record
TN:
SF:/home/rcmaiolini/Dev/sorint/ercole-web-2/src/components/common/SearchableMultiSelect.vue
FN:54,(anonymous_1)
FN:58,(anonymous_2)
FN:66,(anonymous_3)
FN:69,(anonymous_4)
FN:73,(anonymous_5)
FN:78,(anonymous_6)
FN:84,(anonymous_7)
FN:89,(anonymous_8)
FNF:8
FNH:0
FNDA:0,(anonymous_1)
FNDA:0,(anonymous_2)
FNDA:0,(anonymous_3)
FNDA:0,(anonymous_4)
FNDA:0,(anonymous_5)
FNDA:0,(anonymous_6)
FNDA:0,(anonymous_7)
FNDA:0,(anonymous_8)
DA:25,0
DA:26,0
DA:55,0
DA:58,0
DA:67,0
DA:70,0
DA:74,0
DA:79,0
DA:85,0
DA:90,0
LF:10
LH:0
BRDA:58,0,0,0
BRDA:58,0,1,0
BRDA:85,1,0,0
BRDA:85,1,1,0
BRDA:90,2,0,0
BRDA:90,2,1,0
BRF:6
BRH:0
end_of_record
TN:
SF:/home/rcmaiolini/Dev/sorint/ercole-web-2/src/components/common/Tags.vue
FN:61,(anonymous_1)
FN:67,(anonymous_2)
FN:75,(anonymous_3)
FN:85,(anonymous_4)
FN:92,(anonymous_5)
FN:99,(anonymous_6)
FNF:6
FNH:0
FNDA:0,(anonymous_1)
FNDA:0,(anonymous_2)
FNDA:0,(anonymous_3)
FNDA:0,(anonymous_4)
FNDA:0,(anonymous_5)
FNDA:0,(anonymous_6)
DA:62,0
DA:68,0
DA:69,0
DA:70,0
DA:71,0
DA:72,0
DA:76,0
DA:86,0
DA:87,0
DA:88,0
DA:93,0
DA:94,0
DA:95,0
DA:100,0
LF:14
LH:0
BRDA:68,0,0,0
BRDA:68,0,1,0
BRF:2
BRH:0
end_of_record
TN:
SF:/home/rcmaiolini/Dev/sorint/ercole-web-2/src/components/common/ToggleColumn.vue
FN:33,(anonymous_1)
FN:39,(anonymous_2)
FN:40,(anonymous_3)
FN:45,(anonymous_4)
FN:54,(anonymous_5)
FN:63,(anonymous_6)
FNF:6
FNH:0
FNDA:0,(anonymous_1)
FNDA:0,(anonymous_2)
FNDA:0,(anonymous_3)
FNDA:0,(anonymous_4)
FNDA:0,(anonymous_5)
FNDA:0,(anonymous_6)
DA:20,0
DA:34,0
DA:40,0
DA:41,0
DA:46,0
DA:47,0
DA:48,0
DA:50,0
DA:51,0
DA:55,0
DA:56,0
DA:57,0
DA:59,0
DA:60,0
DA:64,0
DA:65,0
DA:66,0
DA:67,0
LF:18
LH:0
BRDA:46,0,0,0
BRDA:46,0,1,0
BRDA:55,1,0,0
BRDA:55,1,1,0
BRDA:64,2,0,0
BRDA:64,2,1,0
BRDA:66,3,0,0
BRDA:66,3,1,0
BRF:8
BRH:0
end_of_record
TN:
SF:/home/rcmaiolini/Dev/sorint/ercole-web-2/src/components/common/ToggleColumnButton.vue
FN:33,(anonymous_1)
FN:38,(anonymous_2)
FN:39,(anonymous_3)
FN:47,(anonymous_4)
FN:55,(anonymous_5)
FNF:5
FNH:0
FNDA:0,(anonymous_1)
FNDA:0,(anonymous_2)
FNDA:0,(anonymous_3)
FNDA:0,(anonymous_4)
FNDA:0,(anonymous_5)
DA:20,0
DA:34,0
DA:39,0
DA:40,0
DA:41,0
DA:42,0
DA:48,0
DA:56,0
LF:8
LH:0
BRDA:40,0,0,0
BRDA:40,0,1,0
BRF:2
BRH:0
end_of_record
TN:
SF:/home/rcmaiolini/Dev/sorint/ercole-web-2/src/components/common/exportButton.vue
FN:48,(anonymous_1)
FN:55,(anonymous_2)
FN:74,(anonymous_3)
FN:80,(anonymous_4)
FN:94,(anonymous_5)
FN:101,(anonymous_6)
FNF:6
FNH:1
FNDA:0,(anonymous_1)
FNDA:0,(anonymous_2)
FNDA:0,(anonymous_3)
FNDA:0,(anonymous_4)
FNDA:0,(anonymous_5)
FNDA:4,(anonymous_6)
DA:14,1
DA:15,1
DA:16,1
DA:17,1
DA:18,1
DA:19,1
DA:21,1
DA:24,1
DA:49,0
DA:50,0
DA:51,0
DA:52,0
DA:54,0
DA:55,0
DA:56,0
DA:59,0
DA:75,0
DA:79,0
DA:93,0
DA:96,0
DA:102,4
LF:21
LH:9
BRDA:49,0,0,0
BRDA:49,0,1,0
BRDA:50,1,0,0
BRDA:50,1,1,0
BRDA:51,2,0,0
BRDA:51,2,1,0
BRDA:65,3,0,0
BRDA:65,3,1,0
BRDA:102,4,0,4
BRDA:102,4,1,0
BRF:10
BRH:1
end_of_record
TN:
SF:/home/rcmaiolini/Dev/sorint/ercole-web-2/src/components/common/exportModal.vue
FN:31,(anonymous_1)
FN:32,(anonymous_2)
FN:33,(anonymous_3)
FN:39,(anonymous_4)
FNF:4
FNH:0
FNDA:0,(anonymous_1)
FNDA:0,(anonymous_2)
FNDA:0,(anonymous_3)
FNDA:0,(anonymous_4)
DA:17,1
DA:32,0
DA:33,0
DA:34,0
DA:40,0
DA:41,0
LF:6
LH:1
BRF:0
BRH:0
end_of_record
TN:
SF:/home/rcmaiolini/Dev/sorint/ercole-web-2/src/components/common/Form/ActionButtons.vue
FN:48,(anonymous_1)
FN:51,(anonymous_2)
FNF:2
FNH:0
FNDA:0,(anonymous_1)
FNDA:0,(anonymous_2)
DA:26,0
DA:49,0
DA:52,0
LF:3
LH:0
BRF:0
BRH:0
end_of_record
TN:
SF:/home/rcmaiolini/Dev/sorint/ercole-web-2/src/components/common/Form/CustomAutocomplete.vue
FN:29,(anonymous_1)
FN:33,(anonymous_2)
FN:50,(anonymous_3)
FN:53,(anonymous_4)
FNF:4
FNH:0
FNDA:0,(anonymous_1)
FNDA:0,(anonymous_2)
FNDA:0,(anonymous_3)
FNDA:0,(anonymous_4)
DA:51,0
DA:54,0
LF:2
LH:0
BRF:0
BRH:0
end_of_record
TN:
SF:/home/rcmaiolini/Dev/sorint/ercole-web-2/src/components/common/Form/CustomDatepicker.vue
FN:26,(anonymous_1)
FN:32,(anonymous_2)
FN:35,(anonymous_3)
FN:39,(anonymous_4)
FNF:4
FNH:0
FNDA:0,(anonymous_1)
FNDA:0,(anonymous_2)
FNDA:0,(anonymous_3)
FNDA:0,(anonymous_4)
DA:15,0
DA:27,0
DA:33,0
DA:36,0
DA:40,0
LF:5
LH:0
BRDA:40,0,0,0
BRDA:40,0,1,0
BRF:2
BRH:0
end_of_record
TN:
SF:/home/rcmaiolini/Dev/sorint/ercole-web-2/src/components/common/Form/CustomRadio.vue
FN:21,(anonymous_1)
FN:26,(anonymous_2)
FN:29,(anonymous_3)
FN:33,(anonymous_4)
FN:36,(anonymous_5)
FNF:5
FNH:0
FNDA:0,(anonymous_1)
FNDA:0,(anonymous_2)
FNDA:0,(anonymous_3)
FNDA:0,(anonymous_4)
FNDA:0,(anonymous_5)
DA:21,0
DA:27,0
DA:30,0
DA:34,0
DA:37,0
LF:5
LH:0
BRDA:34,0,0,0
BRDA:34,0,1,0
BRF:2
BRH:0
end_of_record
TN:
SF:/home/rcmaiolini/Dev/sorint/ercole-web-2/src/components/common/Form/CustomSelect.vue
FN:49,(anonymous_1)
FN:52,(anonymous_2)
FN:56,(anonymous_3)
FNF:3
FNH:0
FNDA:0,(anonymous_1)
FNDA:0,(anonymous_2)
FNDA:0,(anonymous_3)
DA:50,0
DA:53,0
DA:57,0
LF:3
LH:0
BRDA:57,0,0,0
BRDA:57,0,1,0
BRF:2
BRH:0
end_of_record
TN:
SF:/home/rcmaiolini/Dev/sorint/ercole-web-2/src/components/common/Form/CustomSlider.vue
FN:57,(anonymous_1)
FN:60,(anonymous_2)
FN:64,(anonymous_3)
FN:67,(anonymous_4)
FNF:4
FNH:0
FNDA:0,(anonymous_1)
FNDA:0,(anonymous_2)
FNDA:0,(anonymous_3)
FNDA:0,(anonymous_4)
DA:34,0
DA:58,0
DA:61,0
DA:65,0
DA:68,0
LF:5
LH:0
BRF:0
BRH:0
end_of_record
TN:
SF:/home/rcmaiolini/Dev/sorint/ercole-web-2/src/components/common/Table/FullTable.vue
FN:163,(anonymous_1)
FN:176,(anonymous_2)
FN:184,(anonymous_3)
FN:189,(anonymous_4)
FN:196,(anonymous_5)
FN:201,(anonymous_6)
FNF:6
FNH:0
FNDA:0,(anonymous_1)
FNDA:0,(anonymous_2)
FNDA:0,(anonymous_3)
FNDA:0,(anonymous_4)
FNDA:0,(anonymous_5)
FNDA:0,(anonymous_6)
DA:97,0
DA:98,0
DA:99,0
DA:100,0
DA:101,0
DA:102,0
DA:103,0
DA:104,0
DA:164,0
DA:177,0
DA:178,0
DA:185,0
DA:190,0
DA:191,0
DA:193,0
DA:197,0
DA:198,0
DA:202,0
DA:203,0
LF:19
LH:0
BRDA:178,0,0,0
BRDA:178,0,1,0
BRDA:190,1,0,0
BRDA:190,1,1,0
BRDA:197,2,0,0
BRDA:197,2,1,0
BRDA:202,3,0,0
BRDA:202,3,1,0
BRF:8
BRH:0
end_of_record
TN:
SF:/home/rcmaiolini/Dev/sorint/ercole-web-2/src/components/common/Table/HostLink.vue
FN:21,(anonymous_1)
FN:26,(anonymous_2)
FNF:2
FNH:0
FNDA:0,(anonymous_1)
FNDA:0,(anonymous_2)
DA:6,0
DA:7,0
DA:22,0
DA:27,0
LF:4
LH:0
BRDA:22,0,0,0
BRDA:22,0,1,0
BRDA:27,1,0,0
BRDA:27,1,1,0
BRF:4
BRH:0
end_of_record
TN:
SF:/home/rcmaiolini/Dev/sorint/ercole-web-2/src/components/common/Table/SelectPerPage.vue
FN:46,(anonymous_1)
FNF:1
FNH:0
FNDA:0,(anonymous_1)
DA:34,0
DA:35,0
DA:47,0
DA:48,0
DA:49,0
LF:5
LH:0
BRF:0
BRH:0
end_of_record
TN:
SF:/home/rcmaiolini/Dev/sorint/ercole-web-2/src/components/common/Table/SimpleTable.vue
FN:21,(anonymous_1)
FNF:1
FNH:0
FNDA:0,(anonymous_1)
DA:21,0
LF:1
LH:0
BRF:0
BRH:0
end_of_record
TN:
SF:/home/rcmaiolini/Dev/sorint/ercole-web-2/src/components/common/Table/TDIcon.vue
FN:20,(anonymous_1)
FN:27,(anonymous_2)
FN:30,(anonymous_3)
FN:33,(anonymous_4)
FN:36,(anonymous_5)
FNF:5
FNH:0
FNDA:0,(anonymous_1)
FNDA:0,(anonymous_2)
FNDA:0,(anonymous_3)
FNDA:0,(anonymous_4)
FNDA:0,(anonymous_5)
DA:13,0
DA:14,0
DA:15,0
DA:21,0
DA:22,0
DA:24,0
DA:28,0
DA:31,0
DA:34,0
DA:37,0
LF:10
LH:0
BRDA:21,0,0,0
BRDA:21,0,1,0
BRDA:37,1,0,0
BRDA:37,1,1,0
BRF:4
BRH:0
end_of_record
TN:
SF:/home/rcmaiolini/Dev/sorint/ercole-web-2/src/components/common/Table/TdArray.vue
FN:14,(anonymous_1)
FNF:1
FNH:0
FNDA:0,(anonymous_1)
DA:8,0
DA:9,0
DA:15,0
LF:3
LH:0
BRDA:15,0,0,0
BRDA:15,0,1,0
BRF:2
BRH:0
end_of_record
TN:
SF:/home/rcmaiolini/Dev/sorint/ercole-web-2/src/components/common/Table/TdArrayMore.vue
FN:44,(anonymous_1)
FN:52,(anonymous_2)
FN:56,(anonymous_3)
FN:63,(anonymous_4)
FNF:4
FNH:0
FNDA:0,(anonymous_1)
FNDA:0,(anonymous_2)
FNDA:0,(anonymous_3)
FNDA:0,(anonymous_4)
DA:38,0
DA:39,0
DA:40,0
DA:45,0
DA:53,0
DA:54,0
DA:56,0
DA:57,0
DA:58,0
DA:61,0
DA:64,0
DA:65,0
DA:67,0
DA:68,0
LF:14
LH:0
BRDA:63,0,0,0
BRDA:64,1,0,0
BRDA:64,1,1,0
BRDA:67,2,0,0
BRDA:67,2,1,0
BRF:5
BRH:0
end_of_record
TN:
SF:/home/rcmaiolini/Dev/sorint/ercole-web-2/src/components/common/Table/TdContent.vue
FN:32,(anonymous_1)
FN:37,(anonymous_2)
FNF:2
FNH:0
FNDA:0,(anonymous_1)
FNDA:0,(anonymous_2)
DA:16,0
DA:17,0
DA:18,0
DA:33,0
DA:38,0
DA:39,0
DA:41,0
LF:7
LH:0
BRDA:38,0,0,0
BRDA:38,0,1,0
BRDA:41,1,0,0
BRDA:41,1,1,0
BRF:4
BRH:0
end_of_record
TN:
SF:/home/rcmaiolini/Dev/sorint/ercole-web-2/src/components/common/charts/BarChart.vue
FN:44,(anonymous_1)
FN:52,(anonymous_2)
FN:60,(anonymous_3)
FN:94,(anonymous_4)
FNF:4
FNH:0
FNDA:0,(anonymous_1)
FNDA:0,(anonymous_2)
FNDA:0,(anonymous_3)
FNDA:0,(anonymous_4)
DA:44,0
DA:53,0
DA:61,0
DA:96,0
LF:4
LH:0
BRDA:24,0,0,0
BRDA:24,0,1,0
BRF:2
BRH:0
end_of_record
TN:
SF:/home/rcmaiolini/Dev/sorint/ercole-web-2/src/components/common/charts/BubbleChart.vue
FN:19,(anonymous_1)
FN:23,(anonymous_2)
FN:39,(anonymous_3)
FN:43,(anonymous_4)
FN:49,(anonymous_5)
FN:56,(anonymous_6)
FN:60,(anonymous_7)
FN:64,(anonymous_8)
FN:69,(anonymous_9)
FN:75,(anonymous_10)
FN:82,(anonymous_11)
FN:88,(anonymous_12)
FNF:12
FNH:0
FNDA:0,(anonymous_1)
FNDA:0,(anonymous_2)
FNDA:0,(anonymous_3)
FNDA:0,(anonymous_4)
FNDA:0,(anonymous_5)
FNDA:0,(anonymous_6)
FNDA:0,(anonymous_7)
FNDA:0,(anonymous_8)
FNDA:0,(anonymous_9)
FNDA:0,(anonymous_10)
FNDA:0,(anonymous_11)
FNDA:0,(anonymous_12)
DA:6,0
DA:20,0
DA:24,0
DA:25,0
DA:27,0
DA:32,0
DA:39,0
DA:40,0
DA:43,0
DA:48,0
DA:53,0
DA:56,0
DA:57,0
DA:60,0
DA:63,0
DA:66,0
DA:69,0
DA:74,0
DA:78,0
DA:82,0
DA:87,0
DA:91,0
DA:95,0
LF:23
LH:0
BRF:0
BRH:0
end_of_record
TN:
SF:/home/rcmaiolini/Dev/sorint/ercole-web-2/src/components/common/charts/ColumnChart.vue
FNF:0
FNH:0
LF:0
LH:0
BRDA:23,0,0,0
BRDA:23,0,1,0
BRF:2
BRH:0
end_of_record
TN:
SF:/home/rcmaiolini/Dev/sorint/ercole-web-2/src/components/common/charts/PieChart.vue
FNF:0
FNH:0
LF:0
LH:0
BRDA:20,0,0,0
BRDA:20,0,1,0
BRF:2
BRH:0
end_of_record
TN:
SF:/home/rcmaiolini/Dev/sorint/ercole-web-2/src/components/dashboard/ChartTabs.vue
FN:46,(anonymous_1)
FNF:1
FNH:0
FNDA:0,(anonymous_1)
DA:36,0
DA:37,0
DA:38,0
DA:47,0
LF:4
LH:0
BRF:0
BRH:0
end_of_record
TN:
SF:/home/rcmaiolini/Dev/sorint/ercole-web-2/src/components/dashboard/LicenseChart.vue
FN:77,(anonymous_1)
FN:78,(anonymous_2)
FN:82,(anonymous_3)
FN:85,(anonymous_4)
FN:98,(anonymous_5)
FN:113,(anonymous_6)
FN:122,(anonymous_7)
FN:131,(anonymous_8)
FN:158,(anonymous_9)
FN:172,(anonymous_10)
FN:177,(anonymous_11)
FN:183,(anonymous_12)
FN:186,(anonymous_13)
FN:191,(anonymous_14)
FN:196,(anonymous_15)
FN:201,(anonymous_16)
FNF:16
FNH:0
FNDA:0,(anonymous_1)
FNDA:0,(anonymous_2)
FNDA:0,(anonymous_3)
FNDA:0,(anonymous_4)
FNDA:0,(anonymous_5)
FNDA:0,(anonymous_6)
FNDA:0,(anonymous_7)
FNDA:0,(anonymous_8)
FNDA:0,(anonymous_9)
FNDA:0,(anonymous_10)
FNDA:0,(anonymous_11)
FNDA:0,(anonymous_12)
FNDA:0,(anonymous_13)
FNDA:0,(anonymous_14)
FNDA:0,(anonymous_15)
FNDA:0,(anonymous_16)
DA:69,1
DA:70,1
DA:71,1
DA:72,1
DA:73,1
DA:74,1
DA:75,1
DA:77,1
DA:78,0
DA:79,0
DA:82,1
DA:83,0
DA:85,0
DA:86,0
DA:88,0
DA:89,0
DA:96,0
DA:98,1
DA:99,0
DA:100,0
DA:101,0
DA:104,0
DA:114,0
DA:123,0
DA:124,0
DA:126,0
DA:128,0
DA:132,0
DA:133,0
DA:142,0
DA:143,0
DA:145,0
DA:146,0
DA:148,0
DA:150,0
DA:151,0
DA:152,0
DA:154,0
DA:155,0
DA:159,0
DA:160,0
DA:170,0
DA:173,0
DA:174,0
DA:175,0
DA:178,0
DA:184,0
DA:187,0
DA:192,0
DA:193,0
DA:197,0
DA:198,0
DA:202,0
DA:203,0
LF:54
LH:10
BRDA:88,0,0,0
BRDA:88,0,1,0
BRDA:88,1,0,0
BRDA:88,1,1,0
BRDA:91,2,0,0
BRDA:91,2,1,0
BRDA:150,3,0,0
BRDA:150,3,1,0
BRDA:150,4,0,0
BRDA:150,4,1,0
BRDA:192,5,0,0
BRDA:192,5,1,0
BRDA:197,6,0,0
BRDA:197,6,1,0
BRDA:202,7,0,0
BRDA:202,7,1,0
BRF:16
BRH:0
end_of_record
TN:
SF:/home/rcmaiolini/Dev/sorint/ercole-web-2/src/components/dashboard/TotalTargets.vue
FN:38,(anonymous_1)
FN:43,(anonymous_2)
FNF:2
FNH:0
FNDA:0,(anonymous_1)
FNDA:0,(anonymous_2)
DA:29,1
DA:30,1
DA:31,1
DA:39,0
DA:44,0
LF:5
LH:3
BRF:0
BRH:0
end_of_record
TN:
SF:/home/rcmaiolini/Dev/sorint/ercole-web-2/src/components/dashboard/alerts/Agents.vue
FN:44,(anonymous_1)
FN:55,(anonymous_2)
FNF:2
FNH:1
FNDA:0,(anonymous_1)
FNDA:2,(anonymous_2)
DA:39,2
DA:45,0
DA:50,0
DA:56,2
LF:4
LH:2
BRF:0
BRH:0
end_of_record
TN:
SF:/home/rcmaiolini/Dev/sorint/ercole-web-2/src/components/dashboard/alerts/Alert.vue
FN:124,(anonymous_1)
FN:128,(anonymous_2)
FN:132,(anonymous_3)
FN:138,(anonymous_4)
FN:145,(anonymous_5)
FN:149,(anonymous_6)
FN:159,(anonymous_7)
FN:164,(anonymous_8)
FN:169,(anonymous_9)
FN:171,(anonymous_10)
FNF:10
FNH:0
FNDA:0,(anonymous_1)
FNDA:0,(anonymous_2)
FNDA:0,(anonymous_3)
FNDA:0,(anonymous_4)
FNDA:0,(anonymous_5)
FNDA:0,(anonymous_6)
FNDA:0,(anonymous_7)
FNDA:0,(anonymous_8)
FNDA:0,(anonymous_9)
FNDA:0,(anonymous_10)
DA:116,1
DA:117,1
DA:118,1
DA:124,0
DA:139,0
DA:146,0
DA:147,0
DA:150,0
DA:155,0
DA:160,0
DA:165,0
DA:170,0
DA:171,0
DA:172,0
LF:14
LH:3
BRDA:160,0,0,0
BRDA:160,0,1,0
BRDA:170,1,0,0
BRDA:170,1,1,0
BRF:4
BRH:0
end_of_record
TN:
SF:/home/rcmaiolini/Dev/sorint/ercole-web-2/src/components/dashboard/alerts/Alerts.vue
FN:31,(anonymous_1)
FNF:1
FNH:0
FNDA:0,(anonymous_1)
DA:20,1
DA:21,1
DA:22,1
DA:23,1
DA:32,0
LF:5
LH:4
BRF:0
BRH:0
end_of_record
TN:
SF:/home/rcmaiolini/Dev/sorint/ercole-web-2/src/components/dashboard/technologies/Technologie.vue
FNF:0
FNH:0
DA:28,1
DA:29,1
LF:2
LH:2
BRF:0
BRH:0
end_of_record
TN:
SF:/home/rcmaiolini/Dev/sorint/ercole-web-2/src/components/dashboard/technologies/Technologies.vue
FN:17,(anonymous_1)
FNF:1
FNH:0
FNDA:0,(anonymous_1)
DA:8,1
DA:9,1
DA:10,1
DA:18,0
LF:4
LH:3
BRF:0
BRH:0
end_of_record
TN:
SF:/home/rcmaiolini/Dev/sorint/ercole-web-2/src/components/databases/databases/DbCharts.vue
FNF:0
FNH:0
DA:14,0
DA:15,0
LF:2
LH:0
BRF:0
BRH:0
end_of_record
TN:
SF:/home/rcmaiolini/Dev/sorint/ercole-web-2/src/components/databases/databases/DbFilters.vue
FN:90,(anonymous_1)
FN:102,(anonymous_2)
FN:106,(anonymous_3)
FNF:3
FNH:0
FNDA:0,(anonymous_1)
FNDA:0,(anonymous_2)
FNDA:0,(anonymous_3)
DA:85,0
DA:86,0
DA:91,0
DA:103,0
DA:107,0
LF:5
LH:0
BRF:0
BRH:0
end_of_record
TN:
SF:/home/rcmaiolini/Dev/sorint/ercole-web-2/src/components/databases/databases/DbList.vue
FN:114,(anonymous_1)
FNF:1
FNH:0
FNDA:0,(anonymous_1)
DA:93,0
DA:94,0
DA:95,0
DA:96,0
DA:97,0
DA:98,0
DA:99,0
DA:100,0
DA:101,0
DA:115,0
LF:10
LH:0
BRF:0
BRH:0
end_of_record
TN:
SF:/home/rcmaiolini/Dev/sorint/ercole-web-2/src/components/databases/databases/DbTotalMemorySize.vue
FNF:0
FNH:0
DA:14,0
DA:15,0
DA:16,0
LF:3
LH:0
BRF:0
BRH:0
end_of_record
TN:
SF:/home/rcmaiolini/Dev/sorint/ercole-web-2/src/components/databases/databases/DbTotalSegmentSize.vue
FNF:0
FNH:0
DA:14,0
DA:15,0
DA:16,0
LF:3
LH:0
BRF:0
BRH:0
end_of_record
TN:
SF:/home/rcmaiolini/Dev/sorint/ercole-web-2/src/components/databases/mysql/MySqlDbs.vue
FN:71,(anonymous_1)
FNF:1
FNH:0
FNDA:0,(anonymous_1)
DA:50,0
DA:51,0
DA:52,0
DA:53,0
DA:54,0
DA:55,0
DA:56,0
DA:57,0
DA:58,0
DA:72,0
LF:10
LH:0
BRF:0
BRH:0
end_of_record
TN:
SF:/home/rcmaiolini/Dev/sorint/ercole-web-2/src/components/databases/mysql/MySqlFilters.vue
FN:76,(anonymous_1)
FN:94,(anonymous_2)
FN:98,(anonymous_3)
FNF:3
FNH:0
FNDA:0,(anonymous_1)
FNDA:0,(anonymous_2)
FNDA:0,(anonymous_3)
DA:71,0
DA:72,0
DA:77,0
DA:95,0
DA:99,0
LF:5
LH:0
BRF:0
BRH:0
end_of_record
TN:
SF:/home/rcmaiolini/Dev/sorint/ercole-web-2/src/components/databases/oracle/OracleCharts.vue
FNF:0
FNH:0
DA:14,0
DA:15,0
LF:2
LH:0
BRF:0
BRH:0
end_of_record
TN:
SF:/home/rcmaiolini/Dev/sorint/ercole-web-2/src/components/databases/oracle/OracleCpu.vue
FN:22,(anonymous_1)
FNF:1
FNH:0
FNDA:0,(anonymous_1)
DA:11,0
DA:12,0
DA:13,0
DA:23,0
LF:4
LH:0
BRF:0
BRH:0
end_of_record
TN:
SF:/home/rcmaiolini/Dev/sorint/ercole-web-2/src/components/databases/oracle/OracleDBs.vue
FN:155,(anonymous_1)
FNF:1
FNH:0
FNDA:0,(anonymous_1)
DA:134,0
DA:135,0
DA:136,0
DA:137,0
DA:138,0
DA:139,0
DA:140,0
DA:141,0
DA:142,0
DA:156,0
LF:10
LH:0
BRF:0
BRH:0
end_of_record
TN:
SF:/home/rcmaiolini/Dev/sorint/ercole-web-2/src/components/databases/oracle/OracleFilters.vue
FN:122,(anonymous_1)
FN:141,(anonymous_2)
FN:145,(anonymous_3)
FNF:3
FNH:0
FNDA:0,(anonymous_1)
FNDA:0,(anonymous_2)
FNDA:0,(anonymous_3)
DA:117,0
DA:118,0
DA:123,0
DA:142,0
DA:146,0
LF:5
LH:0
BRF:0
BRH:0
end_of_record
TN:
SF:/home/rcmaiolini/Dev/sorint/ercole-web-2/src/components/databases/oracle/OracleMemory.vue
FN:22,(anonymous_1)
FNF:1
FNH:0
FNDA:0,(anonymous_1)
DA:11,0
DA:12,0
DA:13,0
DA:23,0
LF:4
LH:0
BRF:0
BRH:0
end_of_record
TN:
SF:/home/rcmaiolini/Dev/sorint/ercole-web-2/src/components/databases/oracle/OracleStorage.vue
FN:29,(anonymous_1)
FN:32,(anonymous_2)
FNF:2
FNH:0
FNDA:0,(anonymous_1)
FNDA:0,(anonymous_2)
DA:18,0
DA:19,0
DA:20,0
DA:30,0
DA:33,0
LF:5
LH:0
BRF:0
BRH:0
end_of_record
TN:
SF:/home/rcmaiolini/Dev/sorint/ercole-web-2/src/components/databases/oracle/Top3Reclaimable.vue
FNF:0
FNH:0
DA:22,0
DA:23,0
DA:24,0
DA:25,0
DA:26,0
DA:27,0
LF:6
LH:0
BRF:0
BRH:0
end_of_record
TN:
SF:/home/rcmaiolini/Dev/sorint/ercole-web-2/src/components/databases/oracle/Top3Workload.vue
FNF:0
FNH:0
DA:22,0
DA:23,0
DA:24,0
DA:25,0
DA:26,0
DA:27,0
LF:6
LH:0
BRF:0
BRH:0
end_of_record
TN:
SF:/home/rcmaiolini/Dev/sorint/ercole-web-2/src/components/databases/oracle/addm/AddmFilters.vue
FN:54,(anonymous_1)
FN:61,(anonymous_2)
FNF:2
FNH:0
FNDA:0,(anonymous_1)
FNDA:0,(anonymous_2)
DA:49,0
DA:50,0
DA:55,0
DA:62,0
LF:4
LH:0
BRF:0
BRH:0
end_of_record
TN:
SF:/home/rcmaiolini/Dev/sorint/ercole-web-2/src/components/databases/oracle/patchAdvisor/PatchAdvisorFilters.vue
FN:50,(anonymous_1)
FN:61,(anonymous_2)
FN:65,(anonymous_3)
FNF:3
FNH:0
FNDA:0,(anonymous_1)
FNDA:0,(anonymous_2)
FNDA:0,(anonymous_3)
DA:45,0
DA:46,0
DA:51,0
DA:62,0
DA:66,0
LF:5
LH:0
BRF:0
BRH:0
end_of_record
TN:
SF:/home/rcmaiolini/Dev/sorint/ercole-web-2/src/components/databases/oracle/segmentAdvisor/SegmentAdvisorFIlters.vue
FN:78,(anonymous_1)
FN:91,(anonymous_2)
FNF:2
FNH:0
FNDA:0,(anonymous_1)
FNDA:0,(anonymous_2)
DA:73,0
DA:74,0
DA:79,0
DA:92,0
LF:4
LH:0
BRF:0
BRH:0
end_of_record
TN:
SF:/home/rcmaiolini/Dev/sorint/ercole-web-2/src/components/engineered/CPU.vue
FNF:0
FNH:0
DA:11,0
DA:12,0
LF:2
LH:0
BRF:0
BRH:0
end_of_record
TN:
SF:/home/rcmaiolini/Dev/sorint/ercole-web-2/src/components/engineered/DbServersTable.vue
FN:47,(anonymous_1)
FN:50,(anonymous_2)
FNF:2
FNH:0
FNDA:0,(anonymous_1)
FNDA:0,(anonymous_2)
DA:40,0
DA:41,0
DA:47,0
DA:51,0
LF:4
LH:0
BRF:0
BRH:0
end_of_record
TN:
SF:/home/rcmaiolini/Dev/sorint/ercole-web-2/src/components/engineered/EngineeredTables.vue
FNF:0
FNH:0
DA:19,0
DA:20,0
DA:21,0
DA:22,0
DA:23,0
LF:5
LH:0
BRF:0
BRH:0
end_of_record
TN:
SF:/home/rcmaiolini/Dev/sorint/ercole-web-2/src/components/engineered/IBSwitchTable.vue.vue
FN:47,(anonymous_1)
FN:50,(anonymous_2)
FNF:2
FNH:0
FNDA:0,(anonymous_1)
FNDA:0,(anonymous_2)
DA:40,0
DA:41,0
DA:47,0
DA:51,0
LF:4
LH:0
BRF:0
BRH:0
end_of_record
TN:
SF:/home/rcmaiolini/Dev/sorint/ercole-web-2/src/components/engineered/Memory.vue
FNF:0
FNH:0
DA:10,0
DA:11,0
LF:2
LH:0
BRF:0
BRH:0
end_of_record
TN:
SF:/home/rcmaiolini/Dev/sorint/ercole-web-2/src/components/engineered/Patching.vue
FNF:0
FNH:0
DA:13,0
DA:14,0
DA:15,0
LF:3
LH:0
BRF:0
BRH:0
end_of_record
TN:
SF:/home/rcmaiolini/Dev/sorint/ercole-web-2/src/components/engineered/Storage.vue
FNF:0
FNH:0
DA:10,0
DA:11,0
LF:2
LH:0
BRF:0
BRH:0
end_of_record
TN:
SF:/home/rcmaiolini/Dev/sorint/ercole-web-2/src/components/engineered/StorageTable.vue
FN:47,(anonymous_1)
FN:50,(anonymous_2)
FNF:2
FNH:0
FNDA:0,(anonymous_1)
FNDA:0,(anonymous_2)
DA:40,0
DA:41,0
DA:47,0
DA:51,0
LF:4
LH:0
BRF:0
BRH:0
end_of_record
TN:
SF:/home/rcmaiolini/Dev/sorint/ercole-web-2/src/components/hosts/hostDetails/ChartCpu.vue
FN:32,(anonymous_1)
FN:37,(anonymous_2)
FN:39,(anonymous_3)
FN:49,(anonymous_4)
FNF:4
FNH:0
FNDA:0,(anonymous_1)
FNDA:0,(anonymous_2)
FNDA:0,(anonymous_3)
FNDA:0,(anonymous_4)
DA:20,0
DA:21,0
DA:22,0
DA:23,0
DA:24,0
DA:33,0
DA:38,0
DA:39,0
DA:40,0
DA:50,0
LF:10
LH:0
BRF:0
BRH:0
end_of_record
TN:
SF:/home/rcmaiolini/Dev/sorint/ercole-web-2/src/components/hosts/hostDetails/DetailsInfo.vue
FNF:0
FNH:0
DA:16,0
DA:17,0
DA:18,0
LF:3
LH:0
BRF:0
BRH:0
end_of_record
TN:
SF:/home/rcmaiolini/Dev/sorint/ercole-web-2/src/components/hosts/hostDetails/DismissHost.vue
FN:18,(anonymous_1)
FN:27,(anonymous_2)
FN:28,(anonymous_3)
FN:32,(anonymous_4)
FNF:4
FNH:0
FNDA:0,(anonymous_1)
FNDA:0,(anonymous_2)
FNDA:0,(anonymous_3)
FNDA:0,(anonymous_4)
DA:13,0
DA:14,0
DA:19,0
DA:28,0
DA:31,0
DA:34,0
LF:6
LH:0
BRF:0
BRH:0
end_of_record
TN:
SF:/home/rcmaiolini/Dev/sorint/ercole-web-2/src/components/hosts/hostDetails/FileSystems.vue
FN:27,(anonymous_1)
FNF:1
FNH:0
FNDA:0,(anonymous_1)
DA:20,0
DA:21,0
DA:28,0
LF:3
LH:0
BRF:0
BRH:0
end_of_record
TN:
SF:/home/rcmaiolini/Dev/sorint/ercole-web-2/src/components/hosts/hostDetails/FileSystemsContent.vue
FN:39,(anonymous_1)
FN:47,(anonymous_2)
FN:60,(anonymous_3)
FNF:3
FNH:0
FNDA:0,(anonymous_1)
FNDA:0,(anonymous_2)
FNDA:0,(anonymous_3)
DA:30,0
DA:31,0
DA:32,0
DA:33,0
DA:39,0
DA:48,0
DA:61,0
LF:7
LH:0
BRF:0
BRH:0
end_of_record
TN:
SF:/home/rcmaiolini/Dev/sorint/ercole-web-2/src/components/hosts/hostDetails/HostTags.vue
FN:24,(anonymous_1)
FN:27,(anonymous_2)
FN:30,(anonymous_3)
FNF:3
FNH:0
FNDA:0,(anonymous_1)
FNDA:0,(anonymous_2)
FNDA:0,(anonymous_3)
DA:15,0
DA:16,0
DA:25,0
DA:28,0
DA:31,0
LF:5
LH:0
BRF:0
BRH:0
end_of_record
TN:
SF:/home/rcmaiolini/Dev/sorint/ercole-web-2/src/components/hosts/hostDetails/Notifications.vue
FN:60,(anonymous_1)
FNF:1
FNH:0
FNDA:0,(anonymous_1)
DA:56,0
DA:61,0
DA:66,0
LF:3
LH:0
BRF:0
BRH:0
end_of_record
TN:
SF:/home/rcmaiolini/Dev/sorint/ercole-web-2/src/components/hosts/hostDetails/databases/Databases.vue
FN:53,(anonymous_1)
FN:58,(anonymous_2)
FN:63,(anonymous_3)
FN:68,(anonymous_4)
FN:76,(anonymous_5)
FN:79,(anonymous_6)
FN:82,(anonymous_7)
FN:85,(anonymous_8)
FNF:8
FNH:0
FNDA:0,(anonymous_1)
FNDA:0,(anonymous_2)
FNDA:0,(anonymous_3)
FNDA:0,(anonymous_4)
FNDA:0,(anonymous_5)
FNDA:0,(anonymous_6)
FNDA:0,(anonymous_7)
FNDA:0,(anonymous_8)
DA:35,0
DA:36,0
DA:37,0
DA:38,0
DA:39,0
DA:40,0
DA:41,0
DA:42,0
DA:54,0
DA:59,0
DA:64,0
DA:65,0
DA:69,0
DA:70,0
DA:77,0
DA:80,0
DA:83,0
DA:86,0
LF:18
LH:0
BRDA:64,0,0,0
BRDA:64,0,1,0
BRDA:64,1,0,0
BRDA:64,1,1,0
BRDA:69,2,0,0
BRDA:69,2,1,0
BRF:6
BRH:0
end_of_record
TN:
SF:/home/rcmaiolini/Dev/sorint/ercole-web-2/src/components/hosts/hostDetails/databases/mysql/DbDatabases.vue
FNF:0
FNH:0
DA:29,0
DA:30,0
LF:2
LH:0
BRF:0
BRH:0
end_of_record
TN:
SF:/home/rcmaiolini/Dev/sorint/ercole-web-2/src/components/hosts/hostDetails/databases/mysql/DbInfo.vue
FN:98,(anonymous_1)
FN:102,(anonymous_2)
FN:107,(anonymous_3)
FNF:3
FNH:0
FNDA:0,(anonymous_1)
FNDA:0,(anonymous_2)
FNDA:0,(anonymous_3)
DA:92,0
DA:103,0
DA:108,0
LF:3
LH:0
BRF:0
BRH:0
end_of_record
TN:
SF:/home/rcmaiolini/Dev/sorint/ercole-web-2/src/components/hosts/hostDetails/databases/mysql/DbSegmantAdvisors.vue
FNF:0
FNH:0
DA:35,0
DA:36,0
LF:2
LH:0
BRF:0
BRH:0
end_of_record
TN:
SF:/home/rcmaiolini/Dev/sorint/ercole-web-2/src/components/hosts/hostDetails/databases/mysql/DbTableSchemas.vue
FNF:0
FNH:0
DA:27,0
DA:28,0
LF:2
LH:0
BRF:0
BRH:0
end_of_record
TN:
SF:/home/rcmaiolini/Dev/sorint/ercole-web-2/src/components/hosts/hostDetails/databases/mysql/MysqlDatabases.vue
FNF:0
FNH:0
DA:23,0
DA:24,0
DA:25,0
DA:26,0
DA:27,0
LF:5
LH:0
BRF:0
BRH:0
end_of_record
TN:
SF:/home/rcmaiolini/Dev/sorint/ercole-web-2/src/components/hosts/hostDetails/databases/oracle/DbADDMs.vue
FNF:0
FNH:0
DA:29,0
DA:30,0
LF:2
LH:0
BRF:0
BRH:0
end_of_record
TN:
SF:/home/rcmaiolini/Dev/sorint/ercole-web-2/src/components/hosts/hostDetails/databases/oracle/DbBackups.vue
FNF:0
FNH:0
DA:31,0
DA:32,0
DA:33,0
LF:3
LH:0
BRF:0
BRH:0
end_of_record
TN:
SF:/home/rcmaiolini/Dev/sorint/ercole-web-2/src/components/hosts/hostDetails/databases/oracle/DbGrowth.vue
FN:26,(anonymous_1)
FN:32,(anonymous_2)
FN:36,(anonymous_3)
FN:37,(anonymous_4)
FN:49,(anonymous_5)
FN:50,(anonymous_6)
FN:62,(anonymous_7)
FN:63,(anonymous_8)
FN:75,(anonymous_9)
FN:83,(anonymous_10)
FNF:10
FNH:0
FNDA:0,(anonymous_1)
FNDA:0,(anonymous_2)
FNDA:0,(anonymous_3)
FNDA:0,(anonymous_4)
FNDA:0,(anonymous_5)
FNDA:0,(anonymous_6)
FNDA:0,(anonymous_7)
FNDA:0,(anonymous_8)
FNDA:0,(anonymous_9)
FNDA:0,(anonymous_10)
DA:8,0
DA:9,0
DA:10,0
DA:27,0
DA:33,0
DA:37,0
DA:38,0
DA:39,0
DA:45,0
DA:47,0
DA:50,0
DA:51,0
DA:52,0
DA:58,0
DA:60,0
DA:63,0
DA:64,0
DA:65,0
DA:71,0
DA:73,0
DA:76,0
DA:77,0
DA:78,0
DA:81,0
DA:84,0
LF:25
LH:0
BRF:0
BRH:0
end_of_record
TN:
SF:/home/rcmaiolini/Dev/sorint/ercole-web-2/src/components/hosts/hostDetails/databases/oracle/DbInfo.vue
FN:53,(anonymous_1)
FN:61,(anonymous_2)
FN:78,(anonymous_3)
FN:86,(anonymous_4)
FN:94,(anonymous_5)
FN:110,(anonymous_6)
FNF:6
FNH:0
FNDA:0,(anonymous_1)
FNDA:0,(anonymous_2)
FNDA:0,(anonymous_3)
FNDA:0,(anonymous_4)
FNDA:0,(anonymous_5)
FNDA:0,(anonymous_6)
DA:46,0
DA:47,0
DA:62,0
DA:79,0
DA:87,0
DA:95,0
DA:111,0
LF:7
LH:0
BRF:0
BRH:0
end_of_record
TN:
SF:/home/rcmaiolini/Dev/sorint/ercole-web-2/src/components/hosts/hostDetails/databases/oracle/DbLicenses.vue
FN:48,(anonymous_1)
FN:50,(anonymous_2)
FNF:2
FNH:0
FNDA:0,(anonymous_1)
FNDA:0,(anonymous_2)
DA:31,0
DA:32,0
DA:33,0
DA:34,0
DA:49,0
DA:50,0
DA:51,0
DA:55,0
DA:56,0
DA:64,0
LF:10
LH:0
BRDA:55,0,0,0
BRDA:55,0,1,0
BRF:2
BRH:0
end_of_record
TN:
SF:/home/rcmaiolini/Dev/sorint/ercole-web-2/src/components/hosts/hostDetails/databases/oracle/DbOptions.vue
FNF:0
FNH:0
DA:35,0
DA:36,0
DA:37,0
LF:3
LH:0
BRF:0
BRH:0
end_of_record
TN:
SF:/home/rcmaiolini/Dev/sorint/ercole-web-2/src/components/hosts/hostDetails/databases/oracle/DbPDBs.vue
FNF:0
FNH:0
DA:100,0
DA:101,0
DA:102,0
LF:3
LH:0
BRF:0
BRH:0
end_of_record
TN:
SF:/home/rcmaiolini/Dev/sorint/ercole-web-2/src/components/hosts/hostDetails/databases/oracle/DbPSUs.vue
FNF:0
FNH:0
DA:25,0
DA:26,0
LF:2
LH:0
BRF:0
BRH:0
end_of_record
TN:
SF:/home/rcmaiolini/Dev/sorint/ercole-web-2/src/components/hosts/hostDetails/databases/oracle/DbPatches.vue
FNF:0
FNH:0
DA:31,0
DA:32,0
LF:2
LH:0
BRF:0
BRH:0
end_of_record
TN:
SF:/home/rcmaiolini/Dev/sorint/ercole-web-2/src/components/hosts/hostDetails/databases/oracle/DbSchemas.vue
FNF:0
FNH:0
DA:31,0
DA:32,0
LF:2
LH:0
BRF:0
BRH:0
end_of_record
TN:
SF:/home/rcmaiolini/Dev/sorint/ercole-web-2/src/components/hosts/hostDetails/databases/oracle/DbSegmentAdvisors.vue
FNF:0
FNH:0
DA:33,0
DA:34,0
LF:2
LH:0
BRF:0
BRH:0
end_of_record
TN:
SF:/home/rcmaiolini/Dev/sorint/ercole-web-2/src/components/hosts/hostDetails/databases/oracle/DbServices.vue
FNF:0
FNH:0
DA:27,0
DA:28,0
LF:2
LH:0
BRF:0
BRH:0
end_of_record
TN:
SF:/home/rcmaiolini/Dev/sorint/ercole-web-2/src/components/hosts/hostDetails/databases/oracle/DbTablespaces.vue
FNF:0
FNH:0
DA:33,0
DA:34,0
LF:2
LH:0
BRF:0
BRH:0
end_of_record
TN:
SF:/home/rcmaiolini/Dev/sorint/ercole-web-2/src/components/hosts/hostDetails/databases/oracle/DbTags.vue
FN:32,(anonymous_1)
FN:35,(anonymous_2)
FN:38,(anonymous_3)
FNF:3
FNH:0
FNDA:0,(anonymous_1)
FNDA:0,(anonymous_2)
FNDA:0,(anonymous_3)
DA:16,0
DA:33,0
DA:36,0
DA:39,0
LF:4
LH:0
BRF:0
BRH:0
end_of_record
TN:
SF:/home/rcmaiolini/Dev/sorint/ercole-web-2/src/components/hosts/hostDetails/databases/oracle/OracleDatabases.vue
FNF:0
FNH:0
DA:43,0
DA:44,0
DA:45,0
DA:46,0
DA:47,0
DA:48,0
DA:49,0
DA:50,0
DA:51,0
DA:52,0
DA:53,0
DA:54,0
DA:55,0
DA:57,0
LF:14
LH:0
BRF:0
BRH:0
end_of_record
TN:
SF:/home/rcmaiolini/Dev/sorint/ercole-web-2/src/components/hosts/hosts/HostsFilters.vue
FN:136,(anonymous_1)
FN:155,(anonymous_2)
FN:160,(anonymous_3)
FN:171,(anonymous_4)
FNF:4
FNH:0
FNDA:0,(anonymous_1)
FNDA:0,(anonymous_2)
FNDA:0,(anonymous_3)
FNDA:0,(anonymous_4)
DA:127,0
DA:128,0
DA:129,0
DA:137,0
DA:156,0
DA:161,0
DA:164,0
DA:172,0
DA:173,0
LF:9
LH:0
BRDA:172,0,0,0
BRDA:172,0,1,0
BRF:2
BRH:0
end_of_record
TN:
SF:/home/rcmaiolini/Dev/sorint/ercole-web-2/src/components/hypervisors/ClusterFilters.vue
FN:39,(anonymous_1)
FN:47,(anonymous_2)
FN:51,(anonymous_3)
FNF:3
FNH:0
FNDA:0,(anonymous_1)
FNDA:0,(anonymous_2)
FNDA:0,(anonymous_3)
DA:34,0
DA:35,0
DA:40,0
DA:48,0
DA:52,0
LF:5
LH:0
BRF:0
BRH:0
end_of_record
TN:
SF:/home/rcmaiolini/Dev/sorint/ercole-web-2/src/components/hypervisors/HypervisorsFilters.vue
FN:59,(anonymous_1)
FN:66,(anonymous_2)
FNF:2
FNH:0
FNDA:0,(anonymous_1)
FNDA:0,(anonymous_2)
DA:54,0
DA:55,0
DA:60,0
DA:67,0
LF:4
LH:0
BRF:0
BRH:0
end_of_record
TN:
SF:/home/rcmaiolini/Dev/sorint/ercole-web-2/src/components/licenses/agreement/MySQL/MySqlAgreements.vue
FN:25,(anonymous_1)
FN:30,(anonymous_2)
FN:31,(anonymous_3)
FNF:3
FNH:0
FNDA:0,(anonymous_1)
FNDA:0,(anonymous_2)
FNDA:0,(anonymous_3)
DA:12,0
DA:13,0
DA:14,0
DA:15,0
DA:16,0
DA:26,0
DA:31,0
DA:32,0
LF:8
LH:0
BRF:0
BRH:0
end_of_record
TN:
SF:/home/rcmaiolini/Dev/sorint/ercole-web-2/src/components/licenses/agreement/MySQL/MySqlAgreementsFilters.vue
FN:40,(anonymous_1)
FN:46,(anonymous_2)
FN:49,(anonymous_3)
FNF:3
FNH:0
FNDA:0,(anonymous_1)
FNDA:0,(anonymous_2)
FNDA:0,(anonymous_3)
DA:34,0
DA:35,0
DA:36,0
DA:41,0
DA:47,0
DA:49,0
LF:6
LH:0
BRF:0
BRH:0
end_of_record
TN:
SF:/home/rcmaiolini/Dev/sorint/ercole-web-2/src/components/licenses/agreement/MySQL/MySqlAgreementsForm.vue
FN:211,(anonymous_1)
FN:220,(anonymous_2)
FN:221,(anonymous_3)
FN:222,(anonymous_4)
FN:228,(anonymous_5)
FN:244,(anonymous_6)
FN:252,(anonymous_7)
FN:260,(anonymous_8)
FNF:8
FNH:0
FNDA:0,(anonymous_1)
FNDA:0,(anonymous_2)
FNDA:0,(anonymous_3)
FNDA:0,(anonymous_4)
FNDA:0,(anonymous_5)
FNDA:0,(anonymous_6)
FNDA:0,(anonymous_7)
FNDA:0,(anonymous_8)
DA:191,0
DA:192,0
DA:193,0
DA:194,0
DA:195,0
DA:196,0
DA:212,0
DA:221,0
DA:222,0
DA:223,0
DA:224,0
DA:229,0
DA:243,0
DA:244,0
DA:248,0
DA:251,0
DA:252,0
DA:256,0
DA:261,0
LF:19
LH:0
BRDA:234,0,0,0
BRDA:234,0,1,0
BRDA:238,1,0,0
BRDA:238,1,1,0
BRDA:243,2,0,0
BRDA:243,2,1,0
BRF:6
BRH:0
end_of_record
TN:
SF:/home/rcmaiolini/Dev/sorint/ercole-web-2/src/components/licenses/agreement/MySQL/MySqlAgreementsList.vue
FN:101,(anonymous_1)
FN:107,(anonymous_2)
FN:110,(anonymous_3)
FNF:3
FNH:0
FNDA:0,(anonymous_1)
FNDA:0,(anonymous_2)
FNDA:0,(anonymous_3)
DA:88,0
DA:89,0
DA:90,0
DA:91,0
DA:92,0
DA:93,0
DA:102,0
DA:108,0
DA:111,0
LF:9
LH:0
BRDA:110,0,0,0
BRF:1
BRH:0
end_of_record
TN:
SF:/home/rcmaiolini/Dev/sorint/ercole-web-2/src/components/licenses/agreement/MySQL/MysqlAssociatedModal.vue
FNF:0
FNH:0
DA:21,0
DA:22,0
LF:2
LH:0
BRF:0
BRH:0
end_of_record
TN:
SF:/home/rcmaiolini/Dev/sorint/ercole-web-2/src/components/licenses/agreement/Oracle/OracleAgreements.vue
FN:25,(anonymous_1)
FN:30,(anonymous_2)
FN:31,(anonymous_3)
FN:34,(anonymous_4)
FNF:4
FNH:0
FNDA:0,(anonymous_1)
FNDA:0,(anonymous_2)
FNDA:0,(anonymous_3)
FNDA:0,(anonymous_4)
DA:12,0
DA:13,0
DA:14,0
DA:15,0
DA:16,0
DA:26,0
DA:31,0
DA:33,0
DA:36,0
LF:9
LH:0
BRF:0
BRH:0
end_of_record
TN:
SF:/home/rcmaiolini/Dev/sorint/ercole-web-2/src/components/licenses/agreement/Oracle/OracleAgreementsFilters.vue
FN:100,(anonymous_1)
FN:122,(anonymous_2)
FN:125,(anonymous_3)
FN:128,(anonymous_4)
FN:138,(anonymous_5)
FNF:5
FNH:0
FNDA:0,(anonymous_1)
FNDA:0,(anonymous_2)
FNDA:0,(anonymous_3)
FNDA:0,(anonymous_4)
FNDA:0,(anonymous_5)
DA:93,0
DA:94,0
DA:95,0
DA:96,0
DA:101,0
DA:123,0
DA:125,0
DA:129,0
DA:139,0
LF:9
LH:0
BRF:0
BRH:0
end_of_record
TN:
SF:/home/rcmaiolini/Dev/sorint/ercole-web-2/src/components/licenses/agreement/Oracle/OracleAgreementsForm.vue
FN:261,(anonymous_1)
FN:268,(anonymous_2)
FN:284,(anonymous_3)
FN:285,(anonymous_4)
FN:286,(anonymous_5)
FN:293,(anonymous_6)
FN:306,(anonymous_7)
FN:314,(anonymous_8)
FN:322,(anonymous_9)
FN:336,(anonymous_10)
FN:355,(anonymous_11)
FN:356,(anonymous_12)
FN:358,(anonymous_13)
FN:359,(anonymous_14)
FN:365,(anonymous_15)
FN:368,(anonymous_16)
FN:373,(anonymous_17)
FN:378,(anonymous_18)
FNF:18
FNH:0
FNDA:0,(anonymous_1)
FNDA:0,(anonymous_2)
FNDA:0,(anonymous_3)
FNDA:0,(anonymous_4)
FNDA:0,(anonymous_5)
FNDA:0,(anonymous_6)
FNDA:0,(anonymous_7)
FNDA:0,(anonymous_8)
FNDA:0,(anonymous_9)
FNDA:0,(anonymous_10)
FNDA:0,(anonymous_11)
FNDA:0,(anonymous_12)
FNDA:0,(anonymous_13)
FNDA:0,(anonymous_14)
FNDA:0,(anonymous_15)
FNDA:0,(anonymous_16)
FNDA:0,(anonymous_17)
FNDA:0,(anonymous_18)
DA:236,0
DA:237,0
DA:238,0
DA:239,0
DA:245,0
DA:246,0
DA:247,0
DA:262,0
DA:269,0
DA:285,0
DA:286,0
DA:287,0
DA:288,0
DA:294,0
DA:305,0
DA:306,0
DA:310,0
DA:313,0
DA:314,0
DA:318,0
DA:323,0
DA:337,0
DA:356,0
DA:359,0
DA:360,0
DA:366,0
DA:369,0
DA:374,0
DA:375,0
DA:379,0
DA:380,0
LF:31
LH:0
BRDA:305,0,0,0
BRDA:305,0,1,0
BRDA:348,1,0,0
BRDA:348,1,1,0
BRDA:374,2,0,0
BRDA:374,2,1,0
BRDA:379,3,0,0
BRDA:379,3,1,0
BRF:8
BRH:0
end_of_record
TN:
SF:/home/rcmaiolini/Dev/sorint/ercole-web-2/src/components/licenses/agreement/Oracle/OracleAgreementsList.vue
FN:106,(anonymous_1)
FN:126,(anonymous_2)
FN:129,(anonymous_3)
FN:140,(anonymous_4)
FNF:4
FNH:0
FNDA:0,(anonymous_1)
FNDA:0,(anonymous_2)
FNDA:0,(anonymous_3)
FNDA:0,(anonymous_4)
DA:90,0
DA:91,0
DA:92,0
DA:93,0
DA:94,0
DA:95,0
DA:96,0
DA:97,0
DA:107,0
DA:127,0
DA:130,0
DA:141,0
LF:12
LH:0
BRF:0
BRH:0
end_of_record
TN:
SF:/home/rcmaiolini/Dev/sorint/ercole-web-2/src/components/licenses/agreement/Oracle/OracleAssociatedModal.vue
FN:109,(anonymous_1)
FN:122,(anonymous_2)
FN:124,(anonymous_3)
FN:129,(anonymous_4)
FN:134,(anonymous_5)
FN:141,(anonymous_6)
FN:144,(anonymous_7)
FN:147,(anonymous_8)
FNF:8
FNH:0
FNDA:0,(anonymous_1)
FNDA:0,(anonymous_2)
FNDA:0,(anonymous_3)
FNDA:0,(anonymous_4)
FNDA:0,(anonymous_5)
FNDA:0,(anonymous_6)
FNDA:0,(anonymous_7)
FNDA:0,(anonymous_8)
DA:88,0
DA:89,0
DA:90,0
DA:91,0
DA:92,0
DA:93,0
DA:94,0
DA:110,0
DA:123,0
DA:124,0
DA:129,0
DA:130,0
DA:131,0
DA:136,0
DA:142,0
DA:145,0
DA:148,0
LF:17
LH:0
BRDA:130,0,0,0
BRDA:130,0,1,0
BRF:2
BRH:0
end_of_record
TN:
SF:/home/rcmaiolini/Dev/sorint/ercole-web-2/src/components/licenses/compliance/LicensesComplianceFilters.vue
FN:51,(anonymous_1)
FN:60,(anonymous_2)
FN:64,(anonymous_3)
FNF:3
FNH:0
FNDA:0,(anonymous_1)
FNDA:0,(anonymous_2)
FNDA:0,(anonymous_3)
DA:46,0
DA:47,0
DA:52,0
DA:61,0
DA:65,0
LF:5
LH:0
BRF:0
BRH:0
end_of_record
TN:
SF:/home/rcmaiolini/Dev/sorint/ercole-web-2/src/components/licenses/used/databases/UsedLicensesDbs.vue
FN:68,(anonymous_1)
FNF:1
FNH:0
FNDA:0,(anonymous_1)
DA:42,0
DA:43,0
DA:44,0
DA:45,0
DA:46,0
DA:48,0
DA:49,0
DA:50,0
DA:69,0
LF:9
LH:0
BRF:0
BRH:0
end_of_record
TN:
SF:/home/rcmaiolini/Dev/sorint/ercole-web-2/src/components/licenses/used/databases/UsedLicensesDbsFilters.vue
FN:53,(anonymous_1)
FN:60,(anonymous_2)
FN:63,(anonymous_3)
FNF:3
FNH:0
FNDA:0,(anonymous_1)
FNDA:0,(anonymous_2)
FNDA:0,(anonymous_3)
DA:47,0
DA:48,0
DA:49,0
DA:54,0
DA:61,0
DA:63,0
LF:6
LH:0
BRF:0
BRH:0
end_of_record
TN:
SF:/home/rcmaiolini/Dev/sorint/ercole-web-2/src/components/licenses/used/hosts/UsedLicensesHost.vue
FN:78,(anonymous_1)
FN:90,(anonymous_2)
FN:94,(anonymous_3)
FNF:3
FNH:0
FNDA:0,(anonymous_1)
FNDA:0,(anonymous_2)
FNDA:0,(anonymous_3)
DA:46,0
DA:47,0
DA:48,0
DA:49,0
DA:50,0
DA:51,0
DA:52,0
DA:53,0
DA:54,0
DA:55,0
DA:56,0
DA:79,0
DA:91,0
DA:95,0
LF:14
LH:0
BRF:0
BRH:0
end_of_record
TN:
SF:/home/rcmaiolini/Dev/sorint/ercole-web-2/src/components/licenses/used/hosts/UsedLicensesHostFilters.vue
FN:46,(anonymous_1)
FN:53,(anonymous_2)
FN:56,(anonymous_3)
FNF:3
FNH:0
FNDA:0,(anonymous_1)
FNDA:0,(anonymous_2)
FNDA:0,(anonymous_3)
DA:40,0
DA:41,0
DA:42,0
DA:47,0
DA:54,0
DA:56,0
LF:6
LH:0
BRF:0
BRH:0
end_of_record
TN:
SF:/home/rcmaiolini/Dev/sorint/ercole-web-2/src/components/licenses/used/hosts/UsedLicensesHostModal.vue
FN:64,(anonymous_1)
FNF:1
FNH:0
FNDA:0,(anonymous_1)
DA:47,0
DA:48,0
DA:49,0
DA:65,0
LF:4
LH:0
BRF:0
BRH:0
end_of_record
TN:
SF:/home/rcmaiolini/Dev/sorint/ercole-web-2/src/components/login/errorMsg.vue
FNF:0
FNH:0
DA:8,3
LF:1
LH:1
BRF:0
BRH:0
end_of_record
TN:
SF:/home/rcmaiolini/Dev/sorint/ercole-web-2/src/components/login/form.vue
FN:80,(anonymous_1)
FNF:1
FNH:1
FNDA:5,(anonymous_1)
DA:72,2
DA:73,2
DA:74,2
DA:81,5
LF:4
LH:4
BRF:0
BRH:0
end_of_record
TN:
SF:/home/rcmaiolini/Dev/sorint/ercole-web-2/src/config/supported-locales.js
FNF:0
FNH:0
LF:0
LH:0
BRF:0
BRH:0
end_of_record
TN:
SF:/home/rcmaiolini/Dev/sorint/ercole-web-2/src/filters/capitalize.js
FN:1,(anonymous_0)
FNF:1
FNH:0
FNDA:0,(anonymous_0)
DA:2,0
DA:3,0
DA:4,0
LF:3
LH:0
BRDA:2,0,0,0
BRDA:2,0,1,0
BRF:2
BRH:0
end_of_record
TN:
SF:/home/rcmaiolini/Dev/sorint/ercole-web-2/src/filters/formatDate.js
FN:3,(anonymous_0)
FNF:1
FNH:0
FNDA:0,(anonymous_0)
DA:4,0
LF:1
LH:0
BRDA:4,0,0,0
BRDA:4,0,1,0
BRF:2
BRH:0
end_of_record
TN:
SF:/home/rcmaiolini/Dev/sorint/ercole-web-2/src/filters/formatDateTime.js
FN:3,(anonymous_0)
FNF:1
FNH:0
FNDA:0,(anonymous_0)
DA:4,0
LF:1
LH:0
BRDA:4,0,0,0
BRDA:4,0,1,0
BRF:2
BRH:0
end_of_record
TN:
SF:/home/rcmaiolini/Dev/sorint/ercole-web-2/src/filters/formatNumber.js
FN:3,(anonymous_0)
FNF:1
FNH:0
FNDA:0,(anonymous_0)
DA:4,0
LF:1
LH:0
BRDA:3,0,0,0
BRF:1
BRH:0
end_of_record
TN:
SF:/home/rcmaiolini/Dev/sorint/ercole-web-2/src/filters/toLower.js
FN:1,(anonymous_0)
FNF:1
FNH:0
FNDA:0,(anonymous_0)
DA:2,0
DA:3,0
LF:2
LH:0
BRDA:2,0,0,0
BRDA:2,0,1,0
BRF:2
BRH:0
end_of_record
TN:
SF:/home/rcmaiolini/Dev/sorint/ercole-web-2/src/filters/toString.js
FN:1,(anonymous_0)
FNF:1
FNH:0
FNDA:0,(anonymous_0)
DA:2,0
DA:3,0
DA:5,0
LF:3
LH:0
BRDA:2,0,0,0
BRDA:2,0,1,0
BRDA:2,1,0,0
BRDA:2,1,1,0
BRF:4
BRH:0
end_of_record
TN:
SF:/home/rcmaiolini/Dev/sorint/ercole-web-2/src/filters/toUpper.js
FN:1,(anonymous_0)
FNF:1
FNH:0
FNDA:0,(anonymous_0)
DA:2,0
DA:3,0
LF:2
LH:0
BRDA:2,0,0,0
BRDA:2,0,1,0
BRF:2
BRH:0
end_of_record
TN:
SF:/home/rcmaiolini/Dev/sorint/ercole-web-2/src/helpers/databasesCharts.js
FN:3,(anonymous_0)
FN:25,(anonymous_1)
FN:30,(anonymous_2)
FN:40,(anonymous_3)
FNF:4
FNH:0
FNDA:0,(anonymous_0)
FNDA:0,(anonymous_1)
FNDA:0,(anonymous_2)
FNDA:0,(anonymous_3)
DA:3,5
DA:5,0
DA:6,0
DA:13,0
DA:14,0
DA:22,0
DA:25,5
DA:26,0
DA:27,0
DA:28,0
DA:30,0
DA:31,0
DA:34,0
DA:35,0
DA:37,0
DA:40,0
DA:41,0
DA:42,0
DA:43,0
DA:44,0
DA:45,0
DA:47,0
DA:50,0
DA:56,0
LF:24
LH:2
BRDA:5,0,0,0
BRDA:5,0,1,0
BRDA:13,1,0,0
BRDA:13,1,1,0
BRDA:34,2,0,0
BRDA:34,2,1,0
BRDA:34,3,0,0
BRDA:34,3,1,0
BRDA:42,4,0,0
BRDA:42,4,1,0
BRDA:44,5,0,0
BRDA:44,5,1,0
BRF:12
BRH:0
end_of_record
TN:
SF:/home/rcmaiolini/Dev/sorint/ercole-web-2/src/helpers/databasesMap.js
FN:3,(anonymous_0)
FN:8,(anonymous_1)
FN:14,(anonymous_2)
FN:19,(anonymous_3)
FN:26,(anonymous_4)
FNF:5
FNH:0
FNDA:0,(anonymous_0)
FNDA:0,(anonymous_1)
FNDA:0,(anonymous_2)
FNDA:0,(anonymous_3)
FNDA:0,(anonymous_4)
DA:3,5
DA:4,0
DA:5,0
DA:7,0
DA:8,0
DA:9,0
DA:13,0
DA:14,0
DA:16,0
DA:17,0
DA:18,0
DA:19,0
DA:21,0
DA:25,0
DA:26,0
DA:29,0
DA:32,0
DA:35,0
DA:36,0
DA:37,0
DA:38,0
DA:39,0
DA:40,0
DA:41,0
DA:42,0
DA:43,0
DA:46,0
DA:48,0
DA:50,0
LF:29
LH:1
BRDA:4,0,0,0
BRDA:4,0,1,0
BRDA:5,1,0,0
BRDA:5,1,1,0
BRDA:5,1,2,0
BRDA:7,2,0,0
BRDA:7,2,1,0
BRDA:7,3,0,0
BRDA:7,3,1,0
BRDA:9,4,0,0
BRDA:9,4,1,0
BRDA:10,5,0,0
BRDA:10,5,1,0
BRDA:16,6,0,0
BRDA:16,6,1,0
BRDA:17,7,0,0
BRDA:17,7,1,0
BRDA:17,8,0,0
BRDA:17,8,1,0
BRDA:21,9,0,0
BRDA:21,9,1,0
BRDA:22,10,0,0
BRDA:22,10,1,0
BRDA:35,11,0,0
BRDA:35,11,1,0
BRDA:37,12,0,0
BRDA:37,12,1,0
BRDA:39,13,0,0
BRDA:39,13,1,0
BRDA:40,14,0,0
BRDA:40,14,1,0
BRDA:42,15,0,0
BRDA:42,15,1,0
BRF:33
BRH:0
end_of_record
TN:
SF:/home/rcmaiolini/Dev/sorint/ercole-web-2/src/helpers/errorHandler.js
FN:4,(anonymous_0)
FNF:1
FNH:0
FNDA:0,(anonymous_0)
DA:4,5
DA:5,0
DA:6,0
DA:9,0
DA:10,0
DA:11,0
DA:12,0
DA:14,0
DA:15,0
LF:9
LH:1
BRDA:5,0,0,0
BRDA:5,0,1,0
BRDA:9,1,0,0
BRDA:9,1,1,0
BRDA:11,2,0,0
BRDA:11,2,1,0
BRDA:14,3,0,0
BRDA:14,3,1,0
BRF:8
BRH:0
end_of_record
TN:
SF:/home/rcmaiolini/Dev/sorint/ercole-web-2/src/helpers/eventBus.js
FNF:0
FNH:0
DA:3,2
LF:1
LH:1
BRF:0
BRH:0
end_of_record
TN:
SF:/home/rcmaiolini/Dev/sorint/ercole-web-2/src/helpers/helpers.js
FN:6,(anonymous_0)
FN:13,(anonymous_1)
FN:20,(anonymous_2)
FN:26,(anonymous_3)
FN:36,(anonymous_4)
FN:42,(anonymous_5)
FN:56,(anonymous_6)
FN:61,(anonymous_7)
FN:62,(anonymous_8)
FN:72,(anonymous_9)
FN:87,(anonymous_10)
FN:91,(anonymous_11)
FN:101,(anonymous_12)
FN:102,(anonymous_13)
FN:103,(anonymous_14)
FN:118,(anonymous_15)
FN:131,(anonymous_16)
FN:134,(anonymous_17)
FN:136,(anonymous_18)
FN:150,(anonymous_19)
FN:151,(anonymous_20)
FN:156,(anonymous_21)
FN:157,(anonymous_22)
FN:160,(anonymous_23)
FN:171,(anonymous_24)
FN:182,(anonymous_25)
FN:184,(anonymous_26)
FNF:27
FNH:1
FNDA:0,(anonymous_0)
FNDA:0,(anonymous_1)
FNDA:3,(anonymous_2)
FNDA:0,(anonymous_3)
FNDA:0,(anonymous_4)
FNDA:0,(anonymous_5)
FNDA:0,(anonymous_6)
FNDA:0,(anonymous_7)
FNDA:0,(anonymous_8)
FNDA:0,(anonymous_9)
FNDA:0,(anonymous_10)
FNDA:0,(anonymous_11)
FNDA:0,(anonymous_12)
FNDA:0,(anonymous_13)
FNDA:0,(anonymous_14)
FNDA:0,(anonymous_15)
FNDA:0,(anonymous_16)
FNDA:0,(anonymous_17)
FNDA:0,(anonymous_18)
FNDA:0,(anonymous_19)
FNDA:0,(anonymous_20)
FNDA:0,(anonymous_21)
FNDA:0,(anonymous_22)
FNDA:0,(anonymous_23)
FNDA:0,(anonymous_24)
FNDA:0,(anonymous_25)
FNDA:0,(anonymous_26)
DA:6,5
DA:7,0
DA:8,0
DA:9,0
DA:10,0
DA:13,5
DA:14,0
DA:15,0
DA:16,0
DA:20,5
DA:21,3
DA:22,0
DA:23,0
DA:26,5
DA:27,0
DA:28,0
DA:29,0
DA:30,0
DA:31,0
DA:32,0
DA:36,5
DA:37,0
DA:38,0
DA:39,0
DA:42,5
DA:43,0
DA:50,0
DA:52,0
DA:56,5
DA:57,0
DA:58,0
DA:61,5
DA:62,0
DA:63,0
DA:67,0
DA:72,5
DA:73,0
DA:74,0
DA:75,0
DA:77,0
DA:82,0
DA:87,5
DA:88,0
DA:90,0
DA:91,0
DA:92,0
DA:98,0
DA:101,5
DA:102,0
DA:103,0
DA:104,0
DA:107,0
DA:109,0
DA:111,0
DA:116,0
DA:118,0
DA:122,0
DA:126,0
DA:131,5
DA:132,0
DA:134,0
DA:135,0
DA:136,0
DA:137,0
DA:140,0
DA:144,0
DA:145,0
DA:147,0
DA:150,5
DA:151,0
DA:152,0
DA:156,5
DA:157,0
DA:160,5
DA:161,0
DA:162,0
DA:171,5
DA:172,0
DA:173,0
DA:174,0
DA:175,0
DA:177,0
DA:182,5
DA:183,0
DA:184,0
DA:185,0
DA:186,0
DA:189,0
LF:88
LH:18
BRDA:21,0,0,3
BRDA:21,0,1,0
BRDA:27,1,0,0
BRDA:27,1,1,0
BRDA:29,2,0,0
BRDA:29,2,1,0
BRDA:31,3,0,0
BRDA:31,3,1,0
BRDA:39,4,0,0
BRDA:39,4,1,0
BRDA:43,5,0,0
BRDA:43,5,1,0
BRDA:44,6,0,0
BRDA:44,6,1,0
BRDA:44,6,2,0
BRDA:44,6,3,0
BRDA:44,6,4,0
BRDA:63,7,0,0
BRDA:63,7,1,0
BRDA:64,8,0,0
BRDA:64,8,1,0
BRDA:72,9,0,0
BRDA:72,10,0,0
BRDA:73,11,0,0
BRDA:73,11,1,0
BRDA:74,12,0,0
BRDA:74,12,1,0
BRDA:107,13,0,0
BRDA:107,13,1,0
BRDA:109,14,0,0
BRDA:109,14,1,0
BRDA:111,15,0,0
BRDA:111,15,1,0
BRDA:111,16,0,0
BRDA:111,16,1,0
BRDA:116,17,0,0
BRDA:116,17,1,0
BRDA:116,17,2,0
BRDA:116,17,3,0
BRDA:116,17,4,0
BRDA:135,18,0,0
BRDA:135,18,1,0
BRDA:161,19,0,0
BRDA:161,19,1,0
BRDA:172,20,0,0
BRDA:172,20,1,0
BRDA:174,21,0,0
BRDA:174,21,1,0
BRDA:185,22,0,0
BRDA:185,22,1,0
BRF:50
BRH:1
end_of_record
TN:
SF:/home/rcmaiolini/Dev/sorint/ercole-web-2/src/layouts/Default.vue
FN:35,(anonymous_1)
FN:41,(anonymous_2)
FNF:2
FNH:1
FNDA:3,(anonymous_1)
FNDA:0,(anonymous_2)
DA:19,1
DA:20,1
DA:21,1
DA:22,1
DA:23,1
DA:24,1
DA:36,3
DA:42,0
LF:8
LH:7
BRF:0
BRH:0
end_of_record
TN:
SF:/home/rcmaiolini/Dev/sorint/ercole-web-2/src/layouts/Error.vue
FNF:0
FNH:0
DA:11,1
LF:1
LH:1
BRF:0
BRH:0
end_of_record
TN:
SF:/home/rcmaiolini/Dev/sorint/ercole-web-2/src/mixins/dynamicTitle.js
FN:4,(anonymous_0)
FN:9,(anonymous_1)
FN:10,(anonymous_2)
FN:15,(anonymous_3)
FN:20,(anonymous_4)
FNF:5
FNH:0
FNDA:0,(anonymous_0)
FNDA:0,(anonymous_1)
FNDA:0,(anonymous_2)
FNDA:0,(anonymous_3)
FNDA:0,(anonymous_4)
DA:5,0
DA:10,0
DA:11,0
DA:16,0
DA:21,0
LF:5
LH:0
BRF:0
BRH:0
end_of_record
TN:
SF:/home/rcmaiolini/Dev/sorint/ercole-web-2/src/mixins/highlightSearch.js
FN:4,(anonymous_0)
FN:9,(anonymous_1)
FN:10,(anonymous_2)
FN:15,(anonymous_3)
FN:19,(anonymous_4)
FNF:5
FNH:0
FNDA:0,(anonymous_0)
FNDA:0,(anonymous_1)
FNDA:0,(anonymous_2)
FNDA:0,(anonymous_3)
FNDA:0,(anonymous_4)
DA:5,0
DA:10,0
DA:11,0
DA:16,0
DA:17,0
DA:19,0
DA:20,0
LF:7
LH:0
BRDA:16,0,0,0
BRDA:16,0,1,0
BRF:2
BRH:0
end_of_record
TN:
SF:/home/rcmaiolini/Dev/sorint/ercole-web-2/src/mixins/hostDetailsDatabases.js
FN:8,(anonymous_0)
FN:11,(anonymous_1)
FN:16,(anonymous_2)
FN:22,(anonymous_3)
FN:29,(anonymous_4)
FN:39,(anonymous_5)
FNF:6
FNH:0
FNDA:0,(anonymous_0)
FNDA:0,(anonymous_1)
FNDA:0,(anonymous_2)
FNDA:0,(anonymous_3)
FNDA:0,(anonymous_4)
FNDA:0,(anonymous_5)
DA:8,0
DA:12,0
DA:17,0
DA:19,0
DA:20,0
DA:22,0
DA:23,0
DA:24,0
DA:26,0
DA:29,0
DA:30,0
DA:31,0
DA:33,0
DA:40,0
LF:14
LH:0
BRDA:23,0,0,0
BRDA:23,0,1,0
BRDA:30,1,0,0
BRDA:30,1,1,0
BRDA:30,2,0,0
BRDA:30,2,1,0
BRF:6
BRH:0
end_of_record
TN:
SF:/home/rcmaiolini/Dev/sorint/ercole-web-2/src/mixins/hostnameLink.js
FN:3,(anonymous_0)
FNF:1
FNH:0
FNDA:0,(anonymous_0)
DA:4,0
DA:5,0
DA:6,0
DA:11,0
DA:17,0
LF:5
LH:0
BRDA:4,0,0,0
BRDA:4,0,1,0
BRDA:5,1,0,0
BRDA:5,1,1,0
BRF:4
BRH:0
end_of_record
TN:
SF:/home/rcmaiolini/Dev/sorint/ercole-web-2/src/mixins/hostnameLinkRow.js
FN:3,(anonymous_0)
FNF:1
FNH:0
FNDA:0,(anonymous_0)
DA:4,0
DA:5,0
DA:6,0
DA:7,0
DA:15,0
DA:21,0
LF:6
LH:0
BRDA:4,0,0,0
BRDA:4,0,1,0
BRDA:5,1,0,0
BRDA:5,1,1,0
BRDA:6,2,0,0
BRDA:6,2,1,0
BRDA:6,3,0,0
BRDA:6,3,1,0
BRDA:6,3,2,0
BRDA:11,4,0,0
BRDA:11,4,1,0
BRDA:11,4,2,0
BRF:12
BRH:0
end_of_record
TN:
SF:/home/rcmaiolini/Dev/sorint/ercole-web-2/src/mixins/licensesAgreement.js
FN:5,(anonymous_0)
FN:14,(anonymous_1)
FN:28,(anonymous_2)
FN:35,(anonymous_3)
FN:40,(anonymous_4)
FN:46,(anonymous_5)
FNF:6
FNH:0
FNDA:0,(anonymous_0)
FNDA:0,(anonymous_1)
FNDA:0,(anonymous_2)
FNDA:0,(anonymous_3)
FNDA:0,(anonymous_4)
FNDA:0,(anonymous_5)
DA:6,0
DA:15,0
DA:16,0
DA:17,0
DA:18,0
DA:19,0
DA:29,0
DA:36,0
DA:40,0
DA:41,0
DA:47,0
DA:49,0
DA:51,0
DA:52,0
DA:54,0
DA:55,0
DA:57,0
DA:58,0
DA:60,0
DA:61,0
DA:63,0
DA:64,0
DA:66,0
LF:23
LH:0
BRDA:28,0,0,0
BRDA:49,1,0,0
BRDA:49,1,1,0
BRDA:49,1,2,0
BRDA:49,1,3,0
BRDA:49,1,4,0
BRDA:49,1,5,0
BRF:7
BRH:0
end_of_record
TN:
SF:/home/rcmaiolini/Dev/sorint/ercole-web-2/src/mixins/localFiltersMixin.js
FN:28,(anonymous_0)
FN:34,(anonymous_1)
FN:35,(anonymous_2)
FN:37,(anonymous_3)
FN:43,(anonymous_4)
FN:50,(anonymous_5)
FN:50,(anonymous_6)
FN:64,(anonymous_7)
FN:65,(anonymous_8)
FN:75,(anonymous_9)
FN:76,(anonymous_10)
FN:83,(anonymous_11)
FN:84,(anonymous_12)
FN:89,(anonymous_13)
FN:100,(anonymous_14)
FN:104,(anonymous_15)
FNF:16
FNH:0
FNDA:0,(anonymous_0)
FNDA:0,(anonymous_1)
FNDA:0,(anonymous_2)
FNDA:0,(anonymous_3)
FNDA:0,(anonymous_4)
FNDA:0,(anonymous_5)
FNDA:0,(anonymous_6)
FNDA:0,(anonymous_7)
FNDA:0,(anonymous_8)
FNDA:0,(anonymous_9)
FNDA:0,(anonymous_10)
FNDA:0,(anonymous_11)
FNDA:0,(anonymous_12)
FNDA:0,(anonymous_13)
FNDA:0,(anonymous_14)
FNDA:0,(anonymous_15)
DA:29,0
DA:35,0
DA:38,0
DA:39,0
DA:40,0
DA:44,0
DA:51,0
DA:56,0
DA:58,0
DA:60,0
DA:65,0
DA:66,0
DA:76,0
DA:77,0
DA:78,0
DA:84,0
DA:85,0
DA:86,0
DA:90,0
DA:92,0
DA:97,0
DA:98,0
DA:101,0
DA:105,0
DA:106,0
LF:25
LH:0
BRDA:50,0,0,0
BRDA:64,1,0,0
BRF:2
BRH:0
end_of_record
TN:
SF:/home/rcmaiolini/Dev/sorint/ercole-web-2/src/mixins/paginationMixin.js
FN:5,(anonymous_0)
FN:13,(anonymous_1)
FN:16,(anonymous_2)
FN:17,(anonymous_3)
FN:21,(anonymous_4)
FN:24,(anonymous_5)
FN:28,(anonymous_6)
FN:44,(anonymous_7)
FNF:8
FNH:0
FNDA:0,(anonymous_0)
FNDA:0,(anonymous_1)
FNDA:0,(anonymous_2)
FNDA:0,(anonymous_3)
FNDA:0,(anonymous_4)
FNDA:0,(anonymous_5)
FNDA:0,(anonymous_6)
FNDA:0,(anonymous_7)
DA:6,0
DA:14,0
DA:17,0
DA:18,0
DA:22,0
DA:25,0
DA:29,0
DA:31,0
DA:32,0
DA:33,0
DA:35,0
DA:38,0
DA:39,0
DA:45,0
DA:46,0
LF:15
LH:0
BRDA:31,0,0,0
BRDA:31,0,1,0
BRDA:32,1,0,0
BRDA:32,1,1,0
BRDA:47,2,0,0
BRDA:47,2,1,0
BRDA:47,2,2,0
BRDA:47,2,3,0
BRDA:47,2,4,0
BRDA:47,2,5,0
BRF:10
BRH:0
end_of_record
TN:
SF:/home/rcmaiolini/Dev/sorint/ercole-web-2/src/mixins/techTypePrettyName.js
FN:5,(anonymous_0)
FNF:1
FNH:0
FNDA:0,(anonymous_0)
DA:6,0
LF:1
LH:0
BRF:0
BRH:0
end_of_record
TN:
SF:/home/rcmaiolini/Dev/sorint/ercole-web-2/src/mixins/tooltipMixin.js
FN:11,(anonymous_0)
FN:19,(anonymous_1)
FNF:2
FNH:0
FNDA:0,(anonymous_0)
FNDA:0,(anonymous_1)
DA:12,0
DA:20,0
LF:2
LH:0
BRDA:14,0,0,0
BRDA:14,0,1,0
BRDA:14,1,0,0
BRDA:14,1,1,0
BRF:4
BRH:0
end_of_record
TN:
SF:/home/rcmaiolini/Dev/sorint/ercole-web-2/src/router/index.js
FN:8,(anonymous_0)
FN:10,(anonymous_1)
FN:11,(anonymous_2)
FN:14,(anonymous_3)
FN:17,(anonymous_4)
FN:20,(anonymous_5)
FN:23,(anonymous_6)
FN:26,(anonymous_7)
FN:29,(anonymous_8)
FN:34,(anonymous_9)
FN:39,(anonymous_10)
FN:42,(anonymous_11)
FN:45,(anonymous_12)
FN:48,(anonymous_13)
FN:51,(anonymous_14)
FN:54,(anonymous_15)
FN:57,(anonymous_16)
FN:60,(anonymous_17)
FN:63,(anonymous_18)
FN:66,(anonymous_19)
FN:69,(anonymous_20)
FN:72,(anonymous_21)
FN:75,(anonymous_22)
FN:394,(anonymous_23)
FN:399,verifyAuth
FNF:25
FNH:0
FNDA:0,(anonymous_0)
FNDA:0,(anonymous_1)
FNDA:0,(anonymous_2)
FNDA:0,(anonymous_3)
FNDA:0,(anonymous_4)
FNDA:0,(anonymous_5)
FNDA:0,(anonymous_6)
FNDA:0,(anonymous_7)
FNDA:0,(anonymous_8)
FNDA:0,(anonymous_9)
FNDA:0,(anonymous_10)
FNDA:0,(anonymous_11)
FNDA:0,(anonymous_12)
FNDA:0,(anonymous_13)
FNDA:0,(anonymous_14)
FNDA:0,(anonymous_15)
FNDA:0,(anonymous_16)
FNDA:0,(anonymous_17)
FNDA:0,(anonymous_18)
FNDA:0,(anonymous_19)
FNDA:0,(anonymous_20)
FNDA:0,(anonymous_21)
FNDA:0,(anonymous_22)
FNDA:0,(anonymous_23)
FNDA:0,verifyAuth
DA:6,5
DA:8,5
DA:9,0
DA:10,5
DA:11,5
DA:12,0
DA:14,5
DA:15,0
DA:17,5
DA:18,0
DA:20,5
DA:21,0
DA:23,5
DA:24,0
DA:26,5
DA:27,0
DA:29,5
DA:30,0
DA:34,5
DA:35,0
DA:39,5
DA:40,0
DA:42,5
DA:43,0
DA:45,5
DA:46,0
DA:48,5
DA:49,0
DA:51,5
DA:52,0
DA:54,5
DA:55,0
DA:57,5
DA:58,0
DA:60,5
DA:61,0
DA:63,5
DA:64,0
DA:66,5
DA:67,0
DA:69,5
DA:70,0
DA:72,5
DA:73,0
DA:75,5
DA:76,0
DA:79,5
DA:81,5
DA:386,5
DA:394,5
DA:395,0
DA:396,0
DA:400,0
DA:401,0
DA:402,0
DA:404,0
LF:56
LH:28
BRDA:401,0,0,0
BRDA:401,0,1,0
BRDA:401,1,0,0
BRDA:401,1,1,0
BRF:4
BRH:0
end_of_record
TN:
SF:/home/rcmaiolini/Dev/sorint/ercole-web-2/src/store/index.js
FNF:0
FNH:0
DA:31,5
LF:1
LH:1
BRF:0
BRH:0
end_of_record
TN:
SF:/home/rcmaiolini/Dev/sorint/ercole-web-2/src/store/modules/agreement-parts.js
FN:4,(anonymous_0)
FN:9,(anonymous_1)
FN:9,(anonymous_2)
FN:13,(anonymous_3)
FN:25,(anonymous_4)
FN:28,(anonymous_5)
FN:39,(anonymous_6)
FN:45,(anonymous_7)
FNF:8
FNH:1
FNDA:5,(anonymous_0)
FNDA:0,(anonymous_1)
FNDA:0,(anonymous_2)
FNDA:0,(anonymous_3)
FNDA:0,(anonymous_4)
FNDA:0,(anonymous_5)
FNDA:0,(anonymous_6)
FNDA:0,(anonymous_7)
DA:4,5
DA:8,5
DA:9,0
DA:10,0
DA:11,0
DA:13,0
DA:14,0
DA:15,0
DA:16,0
DA:20,0
DA:26,0
DA:28,0
DA:29,0
DA:34,0
DA:38,5
DA:40,0
DA:44,5
DA:46,0
DA:49,0
DA:51,0
LF:20
LH:4
BRDA:14,0,0,0
BRDA:14,0,1,0
BRF:2
BRH:0
end_of_record
TN:
SF:/home/rcmaiolini/Dev/sorint/ercole-web-2/src/store/modules/auth.js
FN:6,(anonymous_0)
FN:13,(anonymous_1)
FN:17,(anonymous_2)
FN:20,(anonymous_3)
FN:26,(anonymous_4)
FN:32,(anonymous_5)
FN:48,(anonymous_6)
FN:51,(anonymous_7)
FN:57,(anonymous_8)
FN:73,(anonymous_9)
FNF:10
FNH:1
FNDA:5,(anonymous_0)
FNDA:0,(anonymous_1)
FNDA:0,(anonymous_2)
FNDA:0,(anonymous_3)
FNDA:0,(anonymous_4)
FNDA:0,(anonymous_5)
FNDA:0,(anonymous_6)
FNDA:0,(anonymous_7)
FNDA:0,(anonymous_8)
FNDA:0,(anonymous_9)
DA:6,5
DA:7,5
DA:12,5
DA:13,0
DA:16,5
DA:18,0
DA:21,0
DA:25,5
DA:27,0
DA:33,0
DA:34,0
DA:35,0
DA:36,0
DA:38,0
DA:44,0
DA:45,0
DA:46,0
DA:49,0
DA:52,0
DA:53,0
DA:54,0
DA:58,0
DA:59,0
DA:60,0
DA:63,0
DA:64,0
DA:65,0
DA:67,0
DA:68,0
DA:71,0
DA:74,0
DA:75,0
DA:76,0
DA:77,0
LF:34
LH:5
BRDA:59,0,0,0
BRDA:59,0,1,0
BRDA:67,1,0,0
BRDA:67,1,1,0
BRF:4
BRH:0
end_of_record
TN:
SF:/home/rcmaiolini/Dev/sorint/ercole-web-2/src/store/modules/clusternames.js
FN:3,(anonymous_0)
FN:8,(anonymous_1)
FN:14,(anonymous_2)
FN:15,(anonymous_3)
FNF:4
FNH:1
FNDA:5,(anonymous_0)
FNDA:0,(anonymous_1)
FNDA:0,(anonymous_2)
FNDA:0,(anonymous_3)
DA:3,5
DA:7,5
DA:9,0
DA:13,5
DA:15,0
DA:16,0
LF:6
LH:3
BRF:0
BRH:0
end_of_record
TN:
SF:/home/rcmaiolini/Dev/sorint/ercole-web-2/src/store/modules/config.js
FN:3,(anonymous_0)
FN:10,(anonymous_1)
FN:11,(anonymous_2)
FN:12,(anonymous_3)
FN:16,(anonymous_4)
FN:22,(anonymous_5)
FN:25,(anonymous_6)
FN:28,(anonymous_7)
FNF:8
FNH:1
FNDA:5,(anonymous_0)
FNDA:0,(anonymous_1)
FNDA:0,(anonymous_2)
FNDA:0,(anonymous_3)
FNDA:0,(anonymous_4)
FNDA:0,(anonymous_5)
FNDA:0,(anonymous_6)
FNDA:0,(anonymous_7)
DA:3,5
DA:4,5
DA:9,5
DA:10,0
DA:11,0
DA:12,0
DA:15,5
DA:17,0
DA:21,5
DA:23,0
DA:26,0
DA:29,0
DA:30,0
DA:31,0
LF:14
LH:5
BRF:0
BRH:0
end_of_record
TN:
SF:/home/rcmaiolini/Dev/sorint/ercole-web-2/src/store/modules/errors.js
FN:1,(anonymous_0)
FN:6,(anonymous_1)
FN:10,(anonymous_2)
FN:16,(anonymous_3)
FNF:4
FNH:1
FNDA:5,(anonymous_0)
FNDA:0,(anonymous_1)
FNDA:0,(anonymous_2)
FNDA:0,(anonymous_3)
DA:1,5
DA:5,5
DA:6,0
DA:9,5
DA:11,0
DA:15,5
DA:17,0
LF:7
LH:4
BRF:0
BRH:0
end_of_record
TN:
SF:/home/rcmaiolini/Dev/sorint/ercole-web-2/src/store/modules/global-filters.js
FN:3,(anonymous_0)
FN:16,(anonymous_1)
FN:22,(anonymous_2)
FN:25,(anonymous_3)
FN:28,(anonymous_4)
FN:32,(anonymous_5)
FN:38,(anonymous_6)
FNF:7
FNH:1
FNDA:5,(anonymous_0)
FNDA:0,(anonymous_1)
FNDA:0,(anonymous_2)
FNDA:0,(anonymous_3)
FNDA:0,(anonymous_4)
FNDA:0,(anonymous_5)
FNDA:0,(anonymous_6)
DA:3,5
DA:15,5
DA:17,0
DA:21,5
DA:23,0
DA:26,0
DA:29,0
DA:30,0
DA:33,0
DA:37,5
DA:39,0
DA:40,0
DA:41,0
DA:43,0
DA:44,0
DA:45,0
LF:16
LH:4
BRF:0
BRH:0
end_of_record
TN:
SF:/home/rcmaiolini/Dev/sorint/ercole-web-2/src/store/modules/hostnames.js
FN:3,(anonymous_0)
FN:8,(anonymous_1)
FN:11,(anonymous_2)
FN:11,(anonymous_3)
FN:12,(anonymous_4)
FN:20,(anonymous_5)
FN:21,(anonymous_6)
FNF:7
FNH:1
FNDA:5,(anonymous_0)
FNDA:0,(anonymous_1)
FNDA:0,(anonymous_2)
FNDA:0,(anonymous_3)
FNDA:0,(anonymous_4)
FNDA:0,(anonymous_5)
FNDA:0,(anonymous_6)
DA:3,5
DA:7,5
DA:9,0
DA:11,0
DA:12,0
DA:13,0
DA:15,0
DA:19,5
DA:21,0
DA:22,0
LF:10
LH:3
BRF:0
BRH:0
end_of_record
TN:
SF:/home/rcmaiolini/Dev/sorint/ercole-web-2/src/store/modules/loading.js
FN:1,(anonymous_0)
FN:8,(anonymous_1)
FN:12,(anonymous_2)
FN:15,(anonymous_3)
FN:21,(anonymous_4)
FN:24,(anonymous_5)
FNF:6
FNH:1
FNDA:5,(anonymous_0)
FNDA:0,(anonymous_1)
FNDA:0,(anonymous_2)
FNDA:0,(anonymous_3)
FNDA:0,(anonymous_4)
FNDA:0,(anonymous_5)
DA:1,5
DA:2,5
DA:7,5
DA:8,0
DA:11,5
DA:13,0
DA:16,0
DA:20,5
DA:22,0
DA:25,0
LF:10
LH:5
BRF:0
BRH:0
end_of_record
TN:
SF:/home/rcmaiolini/Dev/sorint/ercole-web-2/src/store/modules/local-filters.js
FN:3,(anonymous_0)
FN:10,(anonymous_1)
FN:10,(anonymous_2)
FN:17,(anonymous_3)
FN:29,(anonymous_4)
FNF:5
FNH:1
FNDA:5,(anonymous_0)
FNDA:0,(anonymous_1)
FNDA:0,(anonymous_2)
FNDA:0,(anonymous_3)
FNDA:0,(anonymous_4)
DA:3,5
DA:9,5
DA:10,0
DA:11,0
DA:12,0
DA:14,0
DA:18,0
DA:19,0
DA:20,0
DA:21,0
DA:23,0
DA:28,5
DA:30,0
DA:31,0
DA:32,0
DA:36,5
LF:16
LH:4
BRDA:11,0,0,0
BRDA:11,0,1,0
BRDA:18,1,0,0
BRDA:18,1,1,0
BRDA:20,2,0,0
BRDA:20,2,1,0
BRF:6
BRH:0
end_of_record
TN:
SF:/home/rcmaiolini/Dev/sorint/ercole-web-2/src/store/modules/technologies.js
FN:3,(anonymous_0)
FN:8,(anonymous_1)
FN:14,(anonymous_2)
FN:20,(anonymous_3)
FNF:4
FNH:1
FNDA:5,(anonymous_0)
FNDA:0,(anonymous_1)
FNDA:0,(anonymous_2)
FNDA:0,(anonymous_3)
DA:3,5
DA:7,5
DA:9,0
DA:13,5
DA:15,0
DA:19,5
DA:21,0
DA:22,0
DA:24,0
LF:9
LH:4
BRF:0
BRH:0
end_of_record
TN:
SF:/home/rcmaiolini/Dev/sorint/ercole-web-2/src/store/modules/alerts/alerts.js
FN:15,(anonymous_0)
FN:25,(anonymous_1)
FN:45,(anonymous_2)
FN:59,(anonymous_3)
FN:59,(anonymous_4)
FN:65,(anonymous_5)
FN:65,(anonymous_6)
FN:87,(anonymous_7)
FN:87,(anonymous_8)
FN:102,(anonymous_9)
FN:102,(anonymous_10)
FN:118,(anonymous_11)
FN:123,(anonymous_12)
FN:127,(anonymous_13)
FN:131,(anonymous_14)
FN:137,(anonymous_15)
FN:144,(anonymous_16)
FN:147,(anonymous_17)
FN:156,(anonymous_18)
FN:166,(anonymous_19)
FN:187,(anonymous_20)
FN:194,(anonymous_21)
FN:203,(anonymous_22)
FN:214,(anonymous_23)
FN:218,(anonymous_24)
FN:229,(anonymous_25)
FN:230,(anonymous_26)
FNF:27
FNH:3
FNDA:5,(anonymous_0)
FNDA:0,(anonymous_1)
FNDA:0,(anonymous_2)
FNDA:1,(anonymous_3)
FNDA:2,(anonymous_4)
FNDA:0,(anonymous_5)
FNDA:0,(anonymous_6)
FNDA:0,(anonymous_7)
FNDA:0,(anonymous_8)
FNDA:0,(anonymous_9)
FNDA:0,(anonymous_10)
FNDA:0,(anonymous_11)
FNDA:0,(anonymous_12)
FNDA:0,(anonymous_13)
FNDA:0,(anonymous_14)
FNDA:0,(anonymous_15)
FNDA:0,(anonymous_16)
FNDA:0,(anonymous_17)
FNDA:0,(anonymous_18)
FNDA:0,(anonymous_19)
FNDA:0,(anonymous_20)
FNDA:0,(anonymous_21)
FNDA:0,(anonymous_22)
FNDA:0,(anonymous_23)
FNDA:0,(anonymous_24)
FNDA:0,(anonymous_25)
FNDA:0,(anonymous_26)
DA:8,5
DA:11,5
DA:15,5
DA:24,5
DA:26,0
DA:27,0
DA:28,0
DA:30,0
DA:32,0
DA:33,0
DA:34,0
DA:39,0
DA:42,0
DA:46,0
DA:48,0
DA:49,0
DA:51,0
DA:52,0
DA:54,0
DA:55,0
DA:57,0
DA:59,1
DA:60,2
DA:61,2
DA:63,2
DA:65,0
DA:66,0
DA:68,0
DA:69,0
DA:71,0
DA:77,0
DA:83,0
DA:85,0
DA:87,0
DA:88,0
DA:89,0
DA:91,0
DA:92,0
DA:102,0
DA:103,0
DA:105,0
DA:106,0
DA:107,0
DA:108,0
DA:117,5
DA:119,0
DA:120,0
DA:121,0
DA:123,0
DA:124,0
DA:127,0
DA:128,0
DA:132,0
DA:133,0
DA:134,0
DA:136,0
DA:137,0
DA:138,0
DA:142,0
DA:145,0
DA:147,0
DA:148,0
DA:149,0
DA:150,0
DA:151,0
DA:152,0
DA:153,0
DA:157,0
DA:165,5
DA:167,0
DA:176,0
DA:177,0
DA:181,0
DA:186,0
DA:187,0
DA:188,0
DA:189,0
DA:192,0
DA:195,0
DA:198,0
DA:199,0
DA:200,0
DA:204,0
DA:207,0
DA:208,0
DA:209,0
DA:214,5
DA:215,0
DA:218,5
DA:219,0
DA:229,5
DA:230,0
DA:231,0
DA:234,0
LF:94
LH:13
BRDA:32,0,0,0
BRDA:32,0,1,0
BRDA:33,1,0,0
BRDA:33,1,1,0
BRDA:68,2,0,0
BRDA:68,2,1,0
BRDA:72,3,0,0
BRDA:72,3,1,0
BRDA:73,4,0,0
BRDA:73,4,1,0
BRDA:74,5,0,0
BRDA:74,5,1,0
BRDA:91,6,0,0
BRDA:91,6,1,0
BRDA:95,7,0,0
BRDA:95,7,1,0
BRDA:105,8,0,0
BRDA:105,8,1,0
BRDA:106,9,0,0
BRDA:106,9,1,0
BRDA:107,10,0,0
BRDA:107,10,1,0
BRDA:136,11,0,0
BRDA:136,11,1,0
BRDA:176,12,0,0
BRDA:176,12,1,0
BRDA:188,13,0,0
BRDA:188,13,1,0
BRDA:199,14,0,0
BRDA:199,14,1,0
BRDA:208,15,0,0
BRDA:208,15,1,0
BRDA:215,16,0,0
BRDA:215,16,1,0
BRDA:215,17,0,0
BRDA:215,17,1,0
BRDA:215,18,0,0
BRDA:215,18,1,0
BRDA:220,19,0,0
BRDA:220,19,1,0
BRDA:220,19,2,0
BRDA:220,19,3,0
BRDA:220,19,4,0
BRDA:220,19,5,0
BRDA:220,19,6,0
BRDA:220,19,7,0
BRDA:220,19,8,0
BRF:47
BRH:0
end_of_record
TN:
SF:/home/rcmaiolini/Dev/sorint/ercole-web-2/src/store/modules/dashboard/dashboard.js
FN:5,(anonymous_0)
FN:6,(anonymous_1)
FN:18,(anonymous_2)
FN:25,(anonymous_3)
FN:32,(anonymous_4)
FN:35,(anonymous_5)
FN:46,(anonymous_6)
FN:48,(anonymous_7)
FN:60,(anonymous_8)
FN:72,(anonymous_9)
FN:76,(anonymous_10)
FN:82,(anonymous_11)
FN:89,(anonymous_12)
FNF:13
FNH:1
FNDA:0,(anonymous_0)
FNDA:0,(anonymous_1)
FNDA:5,(anonymous_2)
FNDA:0,(anonymous_3)
FNDA:0,(anonymous_4)
FNDA:0,(anonymous_5)
FNDA:0,(anonymous_6)
FNDA:0,(anonymous_7)
FNDA:0,(anonymous_8)
FNDA:0,(anonymous_9)
FNDA:0,(anonymous_10)
FNDA:0,(anonymous_11)
FNDA:0,(anonymous_12)
DA:5,5
DA:6,0
DA:7,0
DA:9,0
DA:10,0
DA:18,5
DA:24,5
DA:26,0
DA:33,0
DA:34,0
DA:35,0
DA:36,0
DA:44,0
DA:47,0
DA:48,0
DA:49,0
DA:54,0
DA:58,0
DA:60,0
DA:61,0
DA:62,0
DA:63,0
DA:67,0
DA:71,5
DA:73,0
DA:74,0
DA:77,0
DA:81,5
DA:83,0
DA:85,0
DA:86,0
DA:87,0
DA:90,0
DA:93,0
DA:95,0
LF:35
LH:5
BRDA:9,0,0,0
BRDA:9,0,1,0
BRDA:49,1,0,0
BRDA:49,1,1,0
BRDA:50,2,0,0
BRDA:50,2,1,0
BRDA:50,2,2,0
BRDA:61,3,0,0
BRDA:61,3,1,0
BRF:9
BRH:0
end_of_record
TN:
SF:/home/rcmaiolini/Dev/sorint/ercole-web-2/src/store/modules/databases/databases.js
FN:7,(anonymous_0)
FN:13,(anonymous_1)
FN:16,(anonymous_2)
FN:22,(anonymous_3)
FN:24,(anonymous_4)
FN:32,(anonymous_5)
FN:38,(anonymous_6)
FN:54,(anonymous_7)
FNF:8
FNH:1
FNDA:5,(anonymous_0)
FNDA:0,(anonymous_1)
FNDA:0,(anonymous_2)
FNDA:0,(anonymous_3)
FNDA:0,(anonymous_4)
FNDA:0,(anonymous_5)
FNDA:0,(anonymous_6)
FNDA:0,(anonymous_7)
DA:7,5
DA:12,5
DA:14,0
DA:17,0
DA:21,5
DA:23,0
DA:24,0
DA:25,0
DA:30,0
DA:33,0
DA:37,5
DA:39,0
DA:41,0
DA:51,0
DA:52,0
DA:55,0
DA:65,0
DA:66,0
LF:18
LH:4
BRF:0
BRH:0
end_of_record
TN:
SF:/home/rcmaiolini/Dev/sorint/ercole-web-2/src/store/modules/databases/mysql/mysql.js
FN:3,(anonymous_0)
FN:8,(anonymous_1)
FN:14,(anonymous_2)
FN:20,(anonymous_3)
FNF:4
FNH:1
FNDA:5,(anonymous_0)
FNDA:0,(anonymous_1)
FNDA:0,(anonymous_2)
FNDA:0,(anonymous_3)
DA:3,5
DA:7,5
DA:9,0
DA:13,5
DA:15,0
DA:19,5
DA:21,0
DA:31,0
DA:32,0
LF:9
LH:4
BRF:0
BRH:0
end_of_record
TN:
SF:/home/rcmaiolini/Dev/sorint/ercole-web-2/src/store/modules/databases/oracle/oracle-addm.js
FN:3,(anonymous_0)
FN:8,(anonymous_1)
FN:14,(anonymous_2)
FN:20,(anonymous_3)
FNF:4
FNH:1
FNDA:5,(anonymous_0)
FNDA:0,(anonymous_1)
FNDA:0,(anonymous_2)
FNDA:0,(anonymous_3)
DA:3,5
DA:7,5
DA:9,0
DA:13,5
DA:15,0
DA:19,5
DA:21,0
DA:31,0
DA:32,0
LF:9
LH:4
BRF:0
BRH:0
end_of_record
TN:
SF:/home/rcmaiolini/Dev/sorint/ercole-web-2/src/store/modules/databases/oracle/oracle-patch-advisor.js
FN:5,(anonymous_0)
FN:10,(anonymous_1)
FN:13,(anonymous_2)
FN:34,(anonymous_3)
FN:40,(anonymous_4)
FN:56,(anonymous_5)
FNF:6
FNH:1
FNDA:5,(anonymous_0)
FNDA:0,(anonymous_1)
FNDA:0,(anonymous_2)
FNDA:0,(anonymous_3)
FNDA:0,(anonymous_4)
FNDA:0,(anonymous_5)
DA:5,5
DA:9,5
DA:11,0
DA:13,0
DA:14,0
DA:15,0
DA:16,0
DA:18,0
DA:29,0
DA:33,5
DA:35,0
DA:39,5
DA:41,0
DA:51,0
DA:52,0
DA:56,5
DA:57,0
DA:60,0
DA:63,0
DA:64,0
DA:66,0
LF:21
LH:5
BRDA:66,0,0,0
BRDA:66,0,1,0
BRF:2
BRH:0
end_of_record
TN:
SF:/home/rcmaiolini/Dev/sorint/ercole-web-2/src/store/modules/databases/oracle/oracle-segment-advisor.js
FN:4,(anonymous_0)
FN:9,(anonymous_1)
FN:12,(anonymous_2)
FN:19,(anonymous_3)
FN:28,(anonymous_4)
FN:30,(anonymous_5)
FN:38,(anonymous_6)
FNF:7
FNH:1
FNDA:5,(anonymous_0)
FNDA:0,(anonymous_1)
FNDA:0,(anonymous_2)
FNDA:0,(anonymous_3)
FNDA:0,(anonymous_4)
FNDA:0,(anonymous_5)
FNDA:0,(anonymous_6)
DA:4,5
DA:8,5
DA:10,0
DA:13,0
DA:17,0
DA:19,0
DA:20,0
DA:23,0
DA:27,5
DA:29,0
DA:30,0
DA:31,0
DA:33,0
DA:37,5
DA:39,0
DA:49,0
DA:50,0
LF:17
LH:4
BRF:0
BRH:0
end_of_record
TN:
SF:/home/rcmaiolini/Dev/sorint/ercole-web-2/src/store/modules/databases/oracle/oracle.js
FN:5,(anonymous_0)
FN:13,(anonymous_1)
FN:16,(anonymous_2)
FN:19,(anonymous_3)
FN:22,(anonymous_4)
FN:28,(anonymous_5)
FN:31,(anonymous_6)
FN:34,(anonymous_7)
FN:37,(anonymous_8)
FN:43,(anonymous_9)
FN:61,(anonymous_10)
FN:75,(anonymous_11)
FN:89,(anonymous_12)
FNF:13
FNH:1
FNDA:5,(anonymous_0)
FNDA:0,(anonymous_1)
FNDA:0,(anonymous_2)
FNDA:0,(anonymous_3)
FNDA:0,(anonymous_4)
FNDA:0,(anonymous_5)
FNDA:0,(anonymous_6)
FNDA:0,(anonymous_7)
FNDA:0,(anonymous_8)
FNDA:0,(anonymous_9)
FNDA:0,(anonymous_10)
FNDA:0,(anonymous_11)
FNDA:0,(anonymous_12)
DA:5,5
DA:12,5
DA:14,0
DA:17,0
DA:20,0
DA:23,0
DA:27,5
DA:29,0
DA:32,0
DA:35,0
DA:38,0
DA:42,5
DA:44,0
DA:45,0
DA:46,0
DA:48,0
DA:58,0
DA:59,0
DA:62,0
DA:72,0
DA:73,0
DA:76,0
DA:86,0
DA:87,0
DA:90,0
DA:101,0
DA:102,0
LF:27
LH:4
BRF:0
BRH:0
end_of_record
TN:
SF:/home/rcmaiolini/Dev/sorint/ercole-web-2/src/store/modules/engineered-systems/engineered-systems.js
FN:5,(anonymous_0)
FN:17,(anonymous_1)
FN:21,(anonymous_2)
FN:33,(anonymous_3)
FN:36,(anonymous_4)
FN:57,(anonymous_5)
FN:68,(anonymous_6)
FN:97,(anonymous_7)
FN:109,(anonymous_8)
FNF:9
FNH:1
FNDA:5,(anonymous_0)
FNDA:0,(anonymous_1)
FNDA:0,(anonymous_2)
FNDA:0,(anonymous_3)
FNDA:0,(anonymous_4)
FNDA:0,(anonymous_5)
FNDA:0,(anonymous_6)
FNDA:0,(anonymous_7)
FNDA:0,(anonymous_8)
DA:5,5
DA:17,5
DA:18,0
DA:19,0
DA:21,0
DA:22,0
DA:23,0
DA:25,0
DA:29,0
DA:32,5
DA:34,0
DA:37,0
DA:38,0
DA:39,0
DA:41,0
DA:52,0
DA:56,5
DA:58,0
DA:59,0
DA:60,0
DA:61,0
DA:62,0
DA:63,0
DA:67,5
DA:69,0
DA:70,0
DA:76,0
DA:78,0
DA:98,0
DA:110,0
LF:30
LH:5
BRDA:22,0,0,0
BRDA:22,0,1,0
BRDA:23,1,0,0
BRDA:23,1,1,0
BRDA:25,2,0,0
BRDA:25,2,1,0
BRDA:61,3,0,0
BRDA:61,3,1,0
BRDA:68,4,0,0
BRDA:71,5,0,0
BRDA:71,5,1,0
BRF:11
BRH:0
end_of_record
TN:
SF:/home/rcmaiolini/Dev/sorint/ercole-web-2/src/store/modules/hosts/hostDetails.js
FN:14,(anonymous_0)
FN:20,(anonymous_1)
FN:55,(anonymous_2)
FN:58,(anonymous_3)
FN:61,(anonymous_4)
FN:156,(anonymous_5)
FN:172,(anonymous_6)
FN:175,(anonymous_7)
FN:175,(anonymous_8)
FN:180,(anonymous_9)
FN:205,(anonymous_10)
FN:208,(anonymous_11)
FN:212,(anonymous_12)
FN:212,(anonymous_13)
FN:213,(anonymous_14)
FN:222,(anonymous_15)
FN:222,(anonymous_16)
FN:235,(anonymous_17)
FN:238,(anonymous_18)
FN:244,(anonymous_19)
FN:255,(anonymous_20)
FN:259,(anonymous_21)
FN:273,(anonymous_22)
FN:275,(anonymous_23)
FN:277,(anonymous_24)
FN:297,(anonymous_25)
FN:299,(anonymous_26)
FN:300,(anonymous_27)
FN:309,(anonymous_28)
FN:317,(anonymous_29)
FNF:30
FNH:1
FNDA:5,(anonymous_0)
FNDA:0,(anonymous_1)
FNDA:0,(anonymous_2)
FNDA:0,(anonymous_3)
FNDA:0,(anonymous_4)
FNDA:0,(anonymous_5)
FNDA:0,(anonymous_6)
FNDA:0,(anonymous_7)
FNDA:0,(anonymous_8)
FNDA:0,(anonymous_9)
FNDA:0,(anonymous_10)
FNDA:0,(anonymous_11)
FNDA:0,(anonymous_12)
FNDA:0,(anonymous_13)
FNDA:0,(anonymous_14)
FNDA:0,(anonymous_15)
FNDA:0,(anonymous_16)
FNDA:0,(anonymous_17)
FNDA:0,(anonymous_18)
FNDA:0,(anonymous_19)
FNDA:0,(anonymous_20)
FNDA:0,(anonymous_21)
FNDA:0,(anonymous_22)
FNDA:0,(anonymous_23)
FNDA:0,(anonymous_24)
FNDA:0,(anonymous_25)
FNDA:0,(anonymous_26)
FNDA:0,(anonymous_27)
FNDA:0,(anonymous_28)
FNDA:0,(anonymous_29)
DA:8,5
DA:12,5
DA:14,5
DA:19,5
DA:21,0
DA:22,0
DA:24,0
DA:31,0
DA:38,0
DA:45,0
DA:47,0
DA:56,0
DA:59,0
DA:62,0
DA:64,0
DA:82,0
DA:103,0
DA:120,0
DA:141,0
DA:154,0
DA:157,0
DA:159,0
DA:160,0
DA:161,0
DA:162,0
DA:163,0
DA:164,0
DA:168,0
DA:173,0
DA:175,0
DA:176,0
DA:181,0
DA:183,0
DA:184,0
DA:185,0
DA:186,0
DA:188,0
DA:190,0
DA:191,0
DA:192,0
DA:194,0
DA:196,0
DA:197,0
DA:198,0
DA:200,0
DA:206,0
DA:208,0
DA:209,0
DA:212,0
DA:213,0
DA:214,0
DA:222,0
DA:223,0
DA:224,0
DA:226,0
DA:227,0
DA:229,0
DA:234,5
DA:236,0
DA:239,0
DA:243,5
DA:245,0
DA:250,0
DA:251,0
DA:255,5
DA:256,0
DA:257,0
DA:259,0
DA:260,0
DA:266,0
DA:267,0
DA:270,0
DA:273,5
DA:274,0
DA:275,0
DA:276,0
DA:277,0
DA:278,0
DA:284,0
DA:285,0
DA:286,0
DA:289,0
DA:294,0
DA:297,5
DA:298,0
DA:299,0
DA:300,0
DA:301,0
DA:302,0
DA:306,0
DA:309,5
DA:310,0
DA:317,0
DA:318,0
DA:321,0
LF:95
LH:10
BRDA:159,0,0,0
BRDA:159,0,1,0
BRDA:160,1,0,0
BRDA:160,1,1,0
BRDA:160,2,0,0
BRDA:160,2,1,0
BRDA:162,3,0,0
BRDA:162,3,1,0
BRDA:162,4,0,0
BRDA:162,4,1,0
BRDA:164,5,0,0
BRDA:164,5,1,0
BRDA:165,6,0,0
BRDA:165,6,1,0
BRDA:183,7,0,0
BRDA:183,7,1,0
BRDA:184,8,0,0
BRDA:184,8,1,0
BRDA:185,9,0,0
BRDA:185,9,1,0
BRDA:190,10,0,0
BRDA:190,10,1,0
BRDA:191,11,0,0
BRDA:191,11,1,0
BRDA:196,12,0,0
BRDA:196,12,1,0
BRDA:197,13,0,0
BRDA:197,13,1,0
BRDA:226,14,0,0
BRDA:226,14,1,0
BRDA:301,15,0,0
BRDA:301,15,1,0
BRF:32
BRH:0
end_of_record
TN:
SF:/home/rcmaiolini/Dev/sorint/ercole-web-2/src/store/modules/hosts/hosts.js
FN:7,(anonymous_0)
FN:12,(anonymous_1)
FN:14,(anonymous_2)
FN:43,(anonymous_3)
FN:49,(anonymous_4)
FNF:5
FNH:1
FNDA:5,(anonymous_0)
FNDA:0,(anonymous_1)
FNDA:0,(anonymous_2)
FNDA:0,(anonymous_3)
FNDA:0,(anonymous_4)
DA:7,5
DA:11,5
DA:13,0
DA:14,0
DA:15,0
DA:38,0
DA:42,5
DA:44,0
DA:48,5
DA:50,0
DA:57,0
DA:58,0
DA:62,0
DA:67,0
DA:68,0
DA:69,0
LF:16
LH:4
BRDA:49,0,0,0
BRDA:51,1,0,0
BRDA:51,1,1,0
BRDA:57,2,0,0
BRDA:57,2,1,0
BRF:5
BRH:0
end_of_record
TN:
SF:/home/rcmaiolini/Dev/sorint/ercole-web-2/src/store/modules/hypervisors/clusters.js
FN:5,(anonymous_0)
FN:12,(anonymous_1)
FN:15,(anonymous_2)
FN:18,(anonymous_3)
FN:21,(anonymous_4)
FN:26,(anonymous_5)
FN:36,(anonymous_6)
FN:42,(anonymous_7)
FN:65,(anonymous_8)
FN:70,(anonymous_9)
FN:71,(anonymous_10)
FN:87,(anonymous_11)
FN:89,(anonymous_12)
FN:97,(anonymous_13)
FN:104,(anonymous_14)
FN:116,(anonymous_15)
FNF:16
FNH:1
FNDA:5,(anonymous_0)
FNDA:0,(anonymous_1)
FNDA:0,(anonymous_2)
FNDA:0,(anonymous_3)
FNDA:0,(anonymous_4)
FNDA:0,(anonymous_5)
FNDA:0,(anonymous_6)
FNDA:0,(anonymous_7)
FNDA:0,(anonymous_8)
FNDA:0,(anonymous_9)
FNDA:0,(anonymous_10)
FNDA:0,(anonymous_11)
FNDA:0,(anonymous_12)
FNDA:0,(anonymous_13)
FNDA:0,(anonymous_14)
FNDA:0,(anonymous_15)
DA:5,5
DA:11,5
DA:13,0
DA:16,0
DA:19,0
DA:22,0
DA:26,0
DA:27,0
DA:28,0
DA:29,0
DA:31,0
DA:34,0
DA:37,0
DA:38,0
DA:39,0
DA:40,0
DA:42,0
DA:43,0
DA:47,0
DA:53,0
DA:63,0
DA:66,0
DA:67,0
DA:68,0
DA:70,0
DA:71,0
DA:72,0
DA:73,0
DA:77,0
DA:82,0
DA:86,5
DA:88,0
DA:89,0
DA:90,0
DA:95,0
DA:98,0
DA:99,0
DA:103,5
DA:105,0
DA:112,0
DA:113,0
DA:114,0
DA:117,0
DA:126,0
DA:127,0
LF:45
LH:4
BRDA:28,0,0,0
BRDA:28,0,1,0
BRDA:72,1,0,0
BRDA:72,1,1,0
BRF:4
BRH:0
end_of_record
TN:
SF:/home/rcmaiolini/Dev/sorint/ercole-web-2/src/store/modules/licenses/licenses-agreement.js
FN:5,(anonymous_0)
FN:11,(anonymous_1)
FN:11,(anonymous_2)
FN:21,(anonymous_3)
FN:24,(anonymous_4)
FN:29,(anonymous_5)
FN:32,(anonymous_6)
FN:37,(anonymous_7)
FN:40,(anonymous_8)
FN:48,(anonymous_9)
FN:51,(anonymous_10)
FN:54,(anonymous_11)
FN:57,(anonymous_12)
FN:61,(anonymous_13)
FN:64,(anonymous_14)
FN:71,(anonymous_15)
FN:84,(anonymous_16)
FN:94,(anonymous_17)
FN:102,(anonymous_18)
FN:108,(anonymous_19)
FN:116,(anonymous_20)
FNF:21
FNH:1
FNDA:5,(anonymous_0)
FNDA:0,(anonymous_1)
FNDA:0,(anonymous_2)
FNDA:0,(anonymous_3)
FNDA:0,(anonymous_4)
FNDA:0,(anonymous_5)
FNDA:0,(anonymous_6)
FNDA:0,(anonymous_7)
FNDA:0,(anonymous_8)
FNDA:0,(anonymous_9)
FNDA:0,(anonymous_10)
FNDA:0,(anonymous_11)
FNDA:0,(anonymous_12)
FNDA:0,(anonymous_13)
FNDA:0,(anonymous_14)
FNDA:0,(anonymous_15)
FNDA:0,(anonymous_16)
FNDA:0,(anonymous_17)
FNDA:0,(anonymous_18)
FNDA:0,(anonymous_19)
FNDA:0,(anonymous_20)
DA:5,5
DA:10,5
DA:11,0
DA:12,0
DA:22,0
DA:24,0
DA:25,0
DA:27,0
DA:30,0
DA:32,0
DA:33,0
DA:35,0
DA:38,0
DA:40,0
DA:41,0
DA:43,0
DA:47,5
DA:49,0
DA:52,0
DA:55,0
DA:57,0
DA:59,0
DA:62,0
DA:64,0
DA:66,0
DA:70,5
DA:72,0
DA:74,0
DA:75,0
DA:77,0
DA:80,0
DA:82,0
DA:85,0
DA:89,0
DA:90,0
DA:92,0
DA:96,0
DA:97,0
DA:103,0
DA:105,0
DA:106,0
DA:109,0
DA:113,0
DA:114,0
DA:117,0
LF:45
LH:4
BRDA:71,0,0,0
BRDA:74,1,0,0
BRDA:74,1,1,0
BRDA:96,2,0,0
BRDA:96,2,1,0
BRDA:105,3,0,0
BRDA:105,3,1,0
BRF:7
BRH:0
end_of_record
TN:
SF:/home/rcmaiolini/Dev/sorint/ercole-web-2/src/store/modules/licenses/licenses-compliance.js
FN:4,(anonymous_0)
FN:14,(anonymous_1)
FN:19,(anonymous_2)
FN:25,(anonymous_3)
FN:28,(anonymous_4)
FN:40,(anonymous_5)
FNF:6
FNH:1
FNDA:0,(anonymous_0)
FNDA:5,(anonymous_1)
FNDA:0,(anonymous_2)
FNDA:0,(anonymous_3)
FNDA:0,(anonymous_4)
FNDA:0,(anonymous_5)
DA:4,5
DA:5,0
DA:6,0
DA:7,0
DA:8,0
DA:10,0
DA:14,5
DA:18,5
DA:20,0
DA:24,5
DA:26,0
DA:28,0
DA:29,0
DA:35,0
DA:39,5
DA:41,0
DA:51,0
DA:53,0
LF:18
LH:5
BRDA:5,0,0,0
BRDA:5,0,1,0
BRDA:5,1,0,0
BRDA:5,1,1,0
BRDA:7,2,0,0
BRDA:7,2,1,0
BRF:6
BRH:0
end_of_record
TN:
SF:/home/rcmaiolini/Dev/sorint/ercole-web-2/src/store/modules/licenses/licenses-used.js
FN:4,(anonymous_0)
FN:10,(anonymous_1)
FN:14,(anonymous_2)
FN:19,(anonymous_3)
FN:21,(anonymous_4)
FN:25,(anonymous_5)
FN:50,(anonymous_6)
FN:57,(anonymous_7)
FN:70,(anonymous_8)
FNF:9
FNH:1
FNDA:5,(anonymous_0)
FNDA:0,(anonymous_1)
FNDA:0,(anonymous_2)
FNDA:0,(anonymous_3)
FNDA:0,(anonymous_4)
FNDA:0,(anonymous_5)
FNDA:0,(anonymous_6)
FNDA:0,(anonymous_7)
FNDA:0,(anonymous_8)
DA:4,5
DA:9,5
DA:11,0
DA:12,0
DA:15,0
DA:16,0
DA:18,0
DA:19,0
DA:20,0
DA:21,0
DA:22,0
DA:23,0
DA:25,0
DA:26,0
DA:27,0
DA:28,0
DA:32,0
DA:42,0
DA:45,0
DA:49,5
DA:51,0
DA:52,0
DA:56,5
DA:58,0
DA:68,0
DA:70,0
DA:71,0
DA:79,0
LF:28
LH:4
BRDA:26,0,0,0
BRDA:26,0,1,0
BRDA:26,1,0,0
BRDA:26,1,1,0
BRF:4
BRH:0
end_of_record
TN:
SF:/home/rcmaiolini/Dev/sorint/ercole-web-2/src/util/get-browser-locale.js
FN:1,getBrowserLocale
FNF:1
FNH:0
FNDA:0,getBrowserLocale
DA:2,0
DA:4,0
DA:7,0
DA:11,0
DA:12,0
DA:15,0
DA:19,0
LF:7
LH:0
BRDA:1,0,0,0
BRDA:7,1,0,0
BRDA:7,1,1,0
BRDA:11,2,0,0
BRDA:11,2,1,0
BRDA:15,3,0,0
BRDA:15,3,1,0
BRF:7
BRH:0
end_of_record
TN:
SF:/home/rcmaiolini/Dev/sorint/ercole-web-2/src/util/supported-locales.js
FN:3,getSupportedLocales
FN:16,supportedLocalesInclude
FNF:2
FNH:0
FNDA:0,getSupportedLocales
FNDA:0,supportedLocalesInclude
DA:4,0
DA:6,0
DA:7,0
DA:13,0
DA:17,0
LF:5
LH:0
BRF:0
BRH:0
end_of_record
TN:
SF:/home/rcmaiolini/Dev/sorint/ercole-web-2/src/views/Dashboard.vue
FN:46,(anonymous_1)
FN:51,(anonymous_2)
FN:52,(anonymous_3)
FN:56,(anonymous_4)
FN:61,(anonymous_5)
FNF:5
FNH:4
FNDA:3,(anonymous_1)
FNDA:3,(anonymous_2)
FNDA:3,(anonymous_3)
FNDA:3,(anonymous_4)
FNDA:0,(anonymous_5)
DA:31,1
DA:32,1
DA:33,1
DA:35,1
DA:36,1
DA:47,3
DA:52,3
DA:54,3
DA:55,3
DA:58,3
DA:61,3
DA:62,0
LF:12
LH:11
BRF:0
BRH:0
end_of_record
TN:
SF:/home/rcmaiolini/Dev/sorint/ercole-web-2/src/views/Errors/InternalServer.vue
FNF:0
FNH:0
DA:14,0
LF:1
LH:0
BRF:0
BRH:0
end_of_record
TN:
SF:/home/rcmaiolini/Dev/sorint/ercole-web-2/src/views/Errors/NotFound.vue
FNF:0
FNH:0
DA:14,0
LF:1
LH:0
BRF:0
BRH:0
end_of_record
TN:
SF:/home/rcmaiolini/Dev/sorint/ercole-web-2/src/views/Errors/Unauthorized.vue
FN:28,(anonymous_1)
FN:33,(anonymous_2)
FN:38,(anonymous_3)
FN:40,(anonymous_4)
FNF:4
FNH:0
FNDA:0,(anonymous_1)
FNDA:0,(anonymous_2)
FNDA:0,(anonymous_3)
FNDA:0,(anonymous_4)
DA:21,0
DA:22,0
DA:29,0
DA:34,0
DA:39,0
DA:40,0
DA:41,0
DA:42,0
DA:45,0
LF:9
LH:0
BRDA:39,0,0,0
BRDA:39,0,1,0
BRF:2
BRH:0
end_of_record
TN:
SF:/home/rcmaiolini/Dev/sorint/ercole-web-2/src/views/alerts/Alerts.vue
FN:143,(anonymous_1)
FN:144,(anonymous_2)
FN:163,(anonymous_3)
FN:182,(anonymous_4)
FN:183,(anonymous_5)
FN:190,(anonymous_6)
FN:193,(anonymous_7)
FN:201,(anonymous_8)
FN:204,(anonymous_9)
FN:211,(anonymous_10)
FN:215,(anonymous_11)
FN:220,(anonymous_12)
FN:229,(anonymous_13)
FN:237,(anonymous_14)
FN:245,(anonymous_15)
FN:248,(anonymous_16)
FN:251,(anonymous_17)
FN:260,(anonymous_18)
FN:268,(anonymous_19)
FNF:19
FNH:0
FNDA:0,(anonymous_1)
FNDA:0,(anonymous_2)
FNDA:0,(anonymous_3)
FNDA:0,(anonymous_4)
FNDA:0,(anonymous_5)
FNDA:0,(anonymous_6)
FNDA:0,(anonymous_7)
FNDA:0,(anonymous_8)
FNDA:0,(anonymous_9)
FNDA:0,(anonymous_10)
FNDA:0,(anonymous_11)
FNDA:0,(anonymous_12)
FNDA:0,(anonymous_13)
FNDA:0,(anonymous_14)
FNDA:0,(anonymous_15)
FNDA:0,(anonymous_16)
FNDA:0,(anonymous_17)
FNDA:0,(anonymous_18)
FNDA:0,(anonymous_19)
DA:127,0
DA:128,0
DA:129,0
DA:130,0
DA:131,0
DA:132,0
DA:133,0
DA:134,0
DA:135,0
DA:136,0
DA:137,0
DA:138,0
DA:139,0
DA:140,0
DA:141,0
DA:143,0
DA:144,0
DA:145,0
DA:146,0
DA:147,0
DA:164,0
DA:183,0
DA:191,0
DA:194,0
DA:202,0
DA:203,0
DA:204,0
DA:205,0
DA:206,0
DA:207,0
DA:208,0
DA:212,0
DA:213,0
DA:215,0
DA:216,0
DA:221,0
DA:230,0
DA:231,0
DA:238,0
DA:239,0
DA:246,0
DA:249,0
DA:252,0
DA:261,0
DA:262,0
DA:264,0
DA:269,0
LF:47
LH:0
BRDA:145,0,0,0
BRDA:145,0,1,0
BRDA:212,1,0,0
BRDA:212,1,1,0
BRDA:221,2,0,0
BRDA:221,2,1,0
BRDA:261,3,0,0
BRDA:261,3,1,0
BRF:8
BRH:0
end_of_record
TN:
SF:/home/rcmaiolini/Dev/sorint/ercole-web-2/src/views/auth/Login.vue
FNF:0
FNH:0
DA:19,1
DA:20,1
LF:2
LH:2
BRF:0
BRH:0
end_of_record
TN:
SF:/home/rcmaiolini/Dev/sorint/ercole-web-2/src/views/databases/Databases.vue
FN:38,(anonymous_1)
FN:43,(anonymous_2)
FN:44,(anonymous_3)
FNF:3
FNH:0
FNDA:0,(anonymous_1)
FNDA:0,(anonymous_2)
FNDA:0,(anonymous_3)
DA:23,0
DA:24,0
DA:25,0
DA:26,0
DA:27,0
DA:28,0
DA:39,0
DA:44,0
LF:8
LH:0
BRF:0
BRH:0
end_of_record
TN:
SF:/home/rcmaiolini/Dev/sorint/ercole-web-2/src/views/databases/mysql/MySQL.vue
FN:13,(anonymous_1)
FN:18,(anonymous_2)
FN:19,(anonymous_3)
FNF:3
FNH:0
FNDA:0,(anonymous_1)
FNDA:0,(anonymous_2)
FNDA:0,(anonymous_3)
DA:6,0
DA:7,0
DA:14,0
DA:19,0
LF:4
LH:0
BRF:0
BRH:0
end_of_record
TN:
SF:/home/rcmaiolini/Dev/sorint/ercole-web-2/src/views/databases/oracle/ADDM.vue
FN:59,(anonymous_1)
FN:72,(anonymous_2)
FN:73,(anonymous_3)
FNF:3
FNH:0
FNDA:0,(anonymous_1)
FNDA:0,(anonymous_2)
FNDA:0,(anonymous_3)
DA:40,0
DA:41,0
DA:42,0
DA:43,0
DA:44,0
DA:45,0
DA:46,0
DA:47,0
DA:60,0
DA:73,0
LF:10
LH:0
BRF:0
BRH:0
end_of_record
TN:
SF:/home/rcmaiolini/Dev/sorint/ercole-web-2/src/views/databases/oracle/Oracle.vue
FN:54,(anonymous_1)
FN:59,(anonymous_2)
FN:60,(anonymous_3)
FNF:3
FNH:0
FNDA:0,(anonymous_1)
FNDA:0,(anonymous_2)
FNDA:0,(anonymous_3)
DA:33,0
DA:34,0
DA:35,0
DA:36,0
DA:37,0
DA:38,0
DA:39,0
DA:40,0
DA:41,0
DA:55,0
DA:60,0
LF:11
LH:0
BRF:0
BRH:0
end_of_record
TN:
SF:/home/rcmaiolini/Dev/sorint/ercole-web-2/src/views/databases/oracle/Patch-Advidor.vue
FN:65,(anonymous_1)
FN:80,(anonymous_2)
FN:81,(anonymous_3)
FNF:3
FNH:0
FNDA:0,(anonymous_1)
FNDA:0,(anonymous_2)
FNDA:0,(anonymous_3)
DA:44,0
DA:45,0
DA:46,0
DA:47,0
DA:48,0
DA:49,0
DA:50,0
DA:51,0
DA:52,0
DA:66,0
DA:81,0
LF:11
LH:0
BRF:0
BRH:0
end_of_record
TN:
SF:/home/rcmaiolini/Dev/sorint/ercole-web-2/src/views/databases/oracle/Segment-Advisor.vue
FN:96,(anonymous_1)
FN:113,(anonymous_2)
FN:114,(anonymous_3)
FNF:3
FNH:0
FNDA:0,(anonymous_1)
FNDA:0,(anonymous_2)
FNDA:0,(anonymous_3)
DA:73,0
DA:74,0
DA:75,0
DA:76,0
DA:77,0
DA:78,0
DA:79,0
DA:80,0
DA:81,0
DA:82,0
DA:97,0
DA:114,0
LF:12
LH:0
BRF:0
BRH:0
end_of_record
TN:
SF:/home/rcmaiolini/Dev/sorint/ercole-web-2/src/views/engineered/Engineered.vue
FN:42,(anonymous_1)
FNF:1
FNH:0
FNDA:0,(anonymous_1)
DA:27,0
DA:28,0
DA:29,0
DA:30,0
DA:31,0
DA:32,0
DA:43,0
LF:7
LH:0
BRF:0
BRH:0
end_of_record
TN:
SF:/home/rcmaiolini/Dev/sorint/ercole-web-2/src/views/hosts/Hosts.vue
FN:150,(anonymous_1)
FN:159,(anonymous_2)
FN:163,(anonymous_3)
FN:168,(anonymous_4)
FN:174,(anonymous_5)
FN:176,(anonymous_6)
FNF:6
FNH:0
FNDA:0,(anonymous_1)
FNDA:0,(anonymous_2)
FNDA:0,(anonymous_3)
FNDA:0,(anonymous_4)
FNDA:0,(anonymous_5)
FNDA:0,(anonymous_6)
DA:117,0
DA:118,0
DA:119,0
DA:120,0
DA:121,0
DA:122,0
DA:123,0
DA:124,0
DA:125,0
DA:126,0
DA:127,0
DA:128,0
DA:129,0
DA:130,0
DA:131,0
DA:132,0
DA:133,0
DA:151,0
DA:160,0
DA:161,0
DA:163,0
DA:169,0
DA:175,0
DA:176,0
DA:177,0
DA:179,0
LF:26
LH:0
BRDA:160,0,0,0
BRDA:160,0,1,0
BRF:2
BRH:0
end_of_record
TN:
SF:/home/rcmaiolini/Dev/sorint/ercole-web-2/src/views/hosts/HostsDetails.vue
FN:76,(anonymous_1)
FN:81,(anonymous_2)
FN:82,(anonymous_3)
FN:85,(anonymous_4)
FNF:4
FNH:0
FNDA:0,(anonymous_1)
FNDA:0,(anonymous_2)
FNDA:0,(anonymous_3)
FNDA:0,(anonymous_4)
DA:44,0
DA:45,0
DA:46,0
DA:47,0
DA:48,0
DA:50,0
DA:51,0
DA:52,0
DA:77,0
DA:82,0
DA:84,0
DA:87,0
DA:89,0
LF:13
LH:0
BRF:0
BRH:0
end_of_record
TN:
SF:/home/rcmaiolini/Dev/sorint/ercole-web-2/src/views/hypervisors/Cluster.vue
FN:105,(anonymous_1)
FN:111,(anonymous_2)
FN:112,(anonymous_3)
FNF:3
FNH:0
FNDA:0,(anonymous_1)
FNDA:0,(anonymous_2)
FNDA:0,(anonymous_3)
DA:76,0
DA:77,0
DA:78,0
DA:79,0
DA:80,0
DA:81,0
DA:82,0
DA:83,0
DA:85,0
DA:86,0
DA:87,0
DA:88,0
DA:89,0
DA:106,0
DA:112,0
DA:115,0
LF:16
LH:0
BRF:0
BRH:0
end_of_record
TN:
SF:/home/rcmaiolini/Dev/sorint/ercole-web-2/src/views/hypervisors/Hypervisors.vue
FN:97,(anonymous_1)
FN:111,(anonymous_2)
FN:112,(anonymous_3)
FN:116,(anonymous_4)
FNF:4
FNH:0
FNDA:0,(anonymous_1)
FNDA:0,(anonymous_2)
FNDA:0,(anonymous_3)
FNDA:0,(anonymous_4)
DA:75,0
DA:76,0
DA:77,0
DA:78,0
DA:79,0
DA:80,0
DA:81,0
DA:82,0
DA:83,0
DA:84,0
DA:98,0
DA:112,0
DA:117,0
DA:118,0
DA:119,0
LF:15
LH:0
BRDA:117,0,0,0
BRDA:117,0,1,0
BRF:2
BRH:0
end_of_record
TN:
SF:/home/rcmaiolini/Dev/sorint/ercole-web-2/src/views/licenses/LicensesAgreement.vue
FN:28,(anonymous_1)
FNF:1
FNH:0
FNDA:0,(anonymous_1)
DA:16,0
DA:17,0
DA:18,0
DA:19,0
DA:29,0
LF:5
LH:0
BRF:0
BRH:0
end_of_record
TN:
SF:/home/rcmaiolini/Dev/sorint/ercole-web-2/src/views/licenses/LicensesCompliance.vue
FN:60,(anonymous_1)
FN:74,(anonymous_2)
FN:75,(anonymous_3)
FN:79,(anonymous_4)
FNF:4
FNH:0
FNDA:0,(anonymous_1)
FNDA:0,(anonymous_2)
FNDA:0,(anonymous_3)
FNDA:0,(anonymous_4)
DA:43,0
DA:44,0
DA:45,0
DA:46,0
DA:47,0
DA:48,0
DA:49,0
DA:61,0
DA:75,0
DA:80,0
DA:81,0
LF:11
LH:0
BRDA:80,0,0,0
BRDA:80,0,1,0
BRF:2
BRH:0
end_of_record
TN:
SF:/home/rcmaiolini/Dev/sorint/ercole-web-2/src/views/licenses/LicensesUsed.vue
FN:31,(anonymous_1)
FN:36,(anonymous_2)
FN:38,(anonymous_3)
FN:42,(anonymous_4)
FNF:4
FNH:0
FNDA:0,(anonymous_1)
FNDA:0,(anonymous_2)
FNDA:0,(anonymous_3)
FNDA:0,(anonymous_4)
DA:15,0
DA:16,0
DA:17,0
DA:18,0
DA:32,0
DA:37,0
DA:38,0
DA:43,0
LF:8
LH:0
BRF:0
BRH:0
end_of_record
