TN:
SF:/home/rcmaiolini/Dev/ercole-web/src/components/Filters.vue
FN:176,(anonymous_1)
FN:193,(anonymous_2)
FN:201,(anonymous_3)
FN:229,(anonymous_4)
FN:239,(anonymous_5)
FN:247,(anonymous_6)
FN:259,(anonymous_7)
FN:300,(anonymous_8)
FN:309,(anonymous_9)
FNF:9
FNH:0
FNDA:0,(anonymous_1)
FNDA:0,(anonymous_2)
FNDA:0,(anonymous_3)
FNDA:0,(anonymous_4)
FNDA:0,(anonymous_5)
FNDA:0,(anonymous_6)
FNDA:0,(anonymous_7)
FNDA:0,(anonymous_8)
FNDA:0,(anonymous_9)
DA:168,1
DA:169,1
DA:170,1
DA:171,1
DA:172,1
DA:177,0
DA:194,0
DA:199,0
DA:201,0
DA:202,0
DA:230,0
DA:231,0
DA:232,0
DA:233,0
DA:235,0
DA:236,0
DA:240,0
DA:241,0
DA:245,0
DA:248,0
DA:253,0
DA:257,0
DA:260,0
DA:262,0
DA:264,0
DA:265,0
DA:267,0
DA:268,0
DA:270,0
DA:271,0
DA:273,0
DA:274,0
DA:276,0
DA:277,0
DA:279,0
DA:280,0
DA:282,0
DA:283,0
DA:285,0
DA:286,0
DA:288,0
DA:289,0
DA:291,0
DA:292,0
DA:294,0
DA:295,0
DA:297,0
DA:301,0
DA:310,0
DA:311,0
DA:313,0
LF:51
LH:5
BRDA:231,0,0,0
BRDA:231,0,1,0
BRDA:263,1,0,0
BRDA:263,1,1,0
BRDA:263,1,2,0
BRDA:263,1,3,0
BRDA:263,1,4,0
BRDA:263,1,5,0
BRDA:263,1,6,0
BRDA:263,1,7,0
BRDA:263,1,8,0
BRDA:263,1,9,0
BRDA:263,1,10,0
BRDA:263,1,11,0
BRDA:310,2,0,0
BRDA:310,2,1,0
BRF:16
BRH:0
end_of_record
TN:
SF:/home/rcmaiolini/Dev/ercole-web/src/components/Main.vue
FNF:0
FNH:0
DA:16,1
LF:1
LH:1
BRF:0
BRH:0
end_of_record
TN:
SF:/home/rcmaiolini/Dev/ercole-web/src/components/common/Breadcrumb.vue
FN:32,(anonymous_1)
FN:39,(anonymous_2)
FNF:2
FNH:0
FNDA:0,(anonymous_1)
FNDA:0,(anonymous_2)
DA:27,1
DA:33,0
DA:34,0
DA:40,0
LF:4
LH:1
BRDA:33,0,0,0
BRDA:33,0,1,0
BRF:2
BRH:0
end_of_record
TN:
SF:/home/rcmaiolini/Dev/ercole-web/src/components/dashboard/TotalTargets.vue
FN:42,(anonymous_1)
FN:47,(anonymous_2)
FNF:2
FNH:0
FNDA:0,(anonymous_1)
FNDA:0,(anonymous_2)
DA:33,0
DA:34,0
DA:35,0
DA:43,0
DA:48,0
LF:5
LH:0
BRF:0
BRH:0
end_of_record
TN:
SF:/home/rcmaiolini/Dev/ercole-web/src/components/dashboard/technologies/Technologies.vue
FNF:0
FNH:0
DA:8,0
DA:9,0
DA:10,0
LF:3
LH:0
BRF:0
BRH:0
end_of_record
TN:
SF:/home/rcmaiolini/Dev/ercole-web/src/components/login/errorMsg.vue
FNF:0
FNH:0
DA:8,3
LF:1
LH:1
BRF:0
BRH:0
end_of_record
TN:
SF:/home/rcmaiolini/Dev/ercole-web/src/components/login/form.vue
FN:80,(anonymous_1)
FNF:1
FNH:1
FNDA:5,(anonymous_1)
DA:72,2
DA:73,2
DA:74,2
DA:81,5
LF:4
LH:4
BRF:0
BRH:0
end_of_record
TN:
SF:/home/rcmaiolini/Dev/ercole-web/src/layouts/Default.vue
FN:35,(anonymous_1)
FN:41,(anonymous_2)
FNF:2
FNH:1
FNDA:3,(anonymous_1)
FNDA:0,(anonymous_2)
DA:19,1
DA:20,1
DA:21,1
DA:22,1
DA:23,1
DA:24,1
DA:36,3
DA:42,0
LF:8
LH:7
BRF:0
BRH:0
end_of_record
TN:
SF:/home/rcmaiolini/Dev/ercole-web/src/views/Dashboard.vue
FN:46,(anonymous_1)
FNF:1
FNH:0
FNDA:0,(anonymous_1)
DA:31,0
DA:32,0
DA:33,0
DA:36,0
DA:47,0
LF:5
LH:0
BRF:0
BRH:0
end_of_record
